INFO pool-270-thread-7 com.vanadis.vap.utils.HttpUtils - visitGet:http://blog.csdn.net/vanadis_outlook/article/details/73223918 200
INFO pool-270-thread-32 com.vanadis.vap.utils.HttpUtils - visitGet:http://blog.csdn.net/vanadis_outlook/article/details/71440510 503
INFO pool-270-thread-47 com.vanadis.vap.utils.HttpUtils - visitGet:http://blog.csdn.net/vanadis_outlook/article/details/70172029 200
INFO pool-270-thread-6 com.vanadis.vap.utils.HttpUtils - visitGet:http://blog.csdn.net/vanadis_outlook/article/details/71106563 500
INFO http-nio-8080-exec-3 com.vanadis.vap.utils.HttpUtils - doGet:https://api.ai.qq.com/fcgi-bin/nlp/nlp_texttrans?app_id=1106856622&nonce_str=yvd6rmc28b7ywycte&sign=77A8B06E49B0311C3BCCF8C03A6D3D93&text=coupon+remain+quantity&time_stamp=1524904819&type=0 200
INFO pool-133-thread-1 com.vanadis.vap.utils.HttpUtils - doGet:http://www.89ip.cn/apijk/?&tqsl=300&sxa=&sxb=&tta=&ports=&ktip=&cf=1 200
INFO pool-271-thread-9 com.vanadis.vap.utils.HttpUtils - visitGet:http://blog.csdn.net/Vanadis_outlook/article/details/73038594 429
INFO pool-271-thread-9 com.vanadis.vap.utils.HttpUtils - visitGet:http://blog.csdn.net/vanadis_outlook/article/details/68485949 400
INFO pool-271-thread-28 com.vanadis.vap.utils.HttpUtils - visitGet:http://blog.csdn.net/Vanadis_outlook/article/details/73038594 407
INFO pool-271-thread-14 com.vanadis.vap.utils.HttpUtils - visitGet:http://blog.csdn.net/vanadis_outlook/article/details/70332257 400
INFO pool-271-thread-21 com.vanadis.vap.utils.HttpUtils - visitGet:http://blog.csdn.net/vanadis_outlook/article/details/70313101 400
INFO pool-271-thread-9 com.vanadis.vap.utils.HttpUtils - visitGet:http://blog.csdn.net/vanadis_outlook/article/details/68482881 429
INFO pool-271-thread-17 com.vanadis.vap.utils.HttpUtils - visitGet:http://blog.csdn.net/vanadis_outlook/article/details/70144841 429
INFO pool-271-thread-18 com.vanadis.vap.utils.HttpUtils - visitGet:http://blog.csdn.net/vanadis_outlook/article/details/71106563 429
INFO pool-271-thread-24 com.vanadis.vap.utils.HttpUtils - visitGet:http://blog.csdn.net/vanadis_outlook/article/details/70144841 429
INFO pool-271-thread-26 com.vanadis.vap.utils.HttpUtils - visitGet:http://blog.csdn.net/vanadis_outlook/article/details/72848008 429
INFO pool-271-thread-12 com.vanadis.vap.utils.HttpUtils - visitGet:http://blog.csdn.net/vanadis_outlook/article/details/71515487 400
INFO pool-271-thread-34 com.vanadis.vap.utils.HttpUtils - visitGet:http://blog.csdn.net/vanadis_outlook/article/details/71515487 400
INFO pool-271-thread-3 com.vanadis.vap.utils.HttpUtils - visitGet:http://blog.csdn.net/vanadis_outlook/article/details/72830205 200
INFO pool-271-thread-39 com.vanadis.vap.utils.HttpUtils - visitGet:http://blog.csdn.net/vanadis_outlook/article/details/71541589 400
INFO pool-271-thread-3 com.vanadis.vap.utils.HttpUtils - visitGet:http://blog.csdn.net/vanadis_outlook/article/details/72851739 400
INFO pool-271-thread-31 com.vanadis.vap.utils.HttpUtils - visitGet:http://blog.csdn.net/vanadis_outlook/article/details/70144841 400
INFO pool-271-thread-2 com.vanadis.vap.utils.HttpUtils - visitGet:http://blog.csdn.net/vanadis_outlook/article/details/72848008 403
INFO pool-271-thread-9 com.vanadis.vap.utils.HttpUtils - visitGet:http://blog.csdn.net/vanadis_outlook/article/details/67634699 500
INFO pool-271-thread-18 com.vanadis.vap.utils.HttpUtils - visitGet:http://blog.csdn.net/vanadis_outlook/article/details/72831853 400
INFO pool-271-thread-34 com.vanadis.vap.utils.HttpUtils - visitGet:http://blog.csdn.net/vanadis_outlook/article/details/67634780 400
INFO pool-271-thread-37 com.vanadis.vap.utils.HttpUtils - visitGet:http://blog.csdn.net/vanadis_outlook/article/details/70313045 502
INFO pool-271-thread-20 com.vanadis.vap.utils.HttpUtils - visitGet:http://blog.csdn.net/vanadis_outlook/article/details/70144841 429
INFO pool-271-thread-26 com.vanadis.vap.utils.HttpUtils - visitGet:http://blog.csdn.net/vanadis_outlook/article/details/67634699 400
INFO pool-271-thread-22 com.vanadis.vap.utils.HttpUtils - visitGet:http://blog.csdn.net/vanadis_outlook/article/details/71106563 200
INFO pool-271-thread-19 com.vanadis.vap.utils.HttpUtils - visitGet:http://blog.csdn.net/Vanadis_outlook/article/details/79793961 500
INFO pool-271-thread-17 com.vanadis.vap.utils.HttpUtils - visitGet:http://blog.csdn.net/vanadis_outlook/article/details/72830205 500
INFO pool-271-thread-10 com.vanadis.vap.utils.HttpUtils - visitGet:http://blog.csdn.net/vanadis_outlook/article/details/72831853 500
INFO pool-271-thread-45 com.vanadis.vap.utils.HttpUtils - visitGet:http://blog.csdn.net/vanadis_outlook/article/details/67634780 200
INFO pool-271-thread-16 com.vanadis.vap.utils.HttpUtils - visitGet:http://blog.csdn.net/vanadis_outlook/article/details/72844302 200
INFO pool-271-thread-46 com.vanadis.vap.utils.HttpUtils - visitGet:http://blog.csdn.net/vanadis_outlook/article/details/70313045 500
INFO pool-271-thread-30 com.vanadis.vap.utils.HttpUtils - visitGet:http://blog.csdn.net/vanadis_outlook/article/details/68482881 503
INFO pool-271-thread-12 com.vanadis.vap.utils.HttpUtils - visitGet:http://blog.csdn.net/vanadis_outlook/article/details/70670699 200
INFO pool-271-thread-11 com.vanadis.vap.utils.HttpUtils - visitGet:http://blog.csdn.net/vanadis_outlook/article/details/68482881 200
INFO pool-271-thread-7 com.vanadis.vap.utils.HttpUtils - visitGet:http://blog.csdn.net/vanadis_outlook/article/details/72848008 500
INFO pool-271-thread-4 com.vanadis.vap.utils.HttpUtils - visitGet:http://blog.csdn.net/Vanadis_outlook/article/details/73038594 500
INFO pool-271-thread-42 com.vanadis.vap.utils.HttpUtils - visitGet:http://blog.csdn.net/vanadis_outlook/article/details/70332257 200
INFO pool-271-thread-43 com.vanadis.vap.utils.HttpUtils - visitGet:http://blog.csdn.net/vanadis_outlook/article/details/70313101 200
INFO http-nio-8080-exec-1 com.vanadis.vap.utils.HttpUtils - doGet:https://api.ai.qq.com/fcgi-bin/nlp/nlp_texttrans?app_id=1106856622&nonce_str=gyobhnirsyjlg5vfl&sign=53325CA1314683402A3C89257AF242D3&text=sold+quantity&time_stamp=1524905199&type=0 200
INFO main com.vanadis.vap.utils.HttpUtils - doGet:https://api.ai.qq.com/fcgi-bin/nlp/nlp_textchat?app_id=1106856622&nonce_str=zf7gcb3kfohm18d34&question=%E4%BB%8E%E5%89%8D%E6%9C%89%E5%BA%A7%E5%B1%B1&session=10000&sign=F367EAB3784A9C6FCC8CA3D6A7FFDBCC&time_stamp=1524914959 200
INFO main com.vanadis.vap.utils.HttpUtils - doGet:https://api.ai.qq.com/fcgi-bin/nlp/nlp_textchat?app_id=1106856622&nonce_str=flzl2736tcjhdtsv8&question=%E3%80%8A%E4%BB%8E%E5%89%8D%E6%9C%89%E5%BA%A7%E5%B1%B1%E3%80%8B%E7%94%B1%E6%B8%B8%E6%B7%BC%E6%BC%94%E5%94%B1%EF%BC%8C%E5%8F%91%E8%A1%8C%E4%BA%8E2017-10-18%E7%9A%84%E4%B8%93%E8%BE%91%E3%80%8A%E4%BB%8E%E5%89%8D%E6%9C%89%E5%BA%A7%E5%B1%B1%E3%80%8B%E4%B8%AD&session=10000&sign=974FC39D56E017608A89FBD811C3FA02&time_stamp=1524914964 200
INFO main com.vanadis.vap.utils.HttpUtils - doGet:https://api.ai.qq.com/fcgi-bin/nlp/nlp_textchat?app_id=1106856622&nonce_str=rte0vj024ievi1c34&question=%E7%9C%8B%E5%88%B0%E4%BD%A0%E4%BB%AC%E7%9A%84%E8%81%8A%E5%A4%A9%E8%AF%B4%E7%9A%84%EF%BC%8C%E7%89%B9%E5%88%AB%E6%98%AF%E6%9C%80%E5%90%8E%E5%A5%B3%E4%B8%BB%E8%A7%92...&session=10000&sign=5AAD6E8977073510627C2C282C7E2057&time_stamp=1524914965 200
INFO main com.vanadis.vap.utils.HttpUtils - doGet:https://api.ai.qq.com/fcgi-bin/nlp/nlp_textchat?app_id=1106856622&nonce_str=n078d12d94diu1pr4&question=%E8%B5%B0%21%E5%A4%A7%E5%8D%8A%E5%A4%9C%E6%98%AF%E8%A6%81%E5%8E%BB...&session=10000&sign=502308A13204314F26E32F025C841C0A&time_stamp=1524914965 200
INFO main com.vanadis.vap.utils.HttpUtils - doGet:https://api.ai.qq.com/fcgi-bin/nlp/nlp_textchat?app_id=1106856622&nonce_str=b6cfg1cq0wvcvih4h&question=&session=10000&sign=8F62D201EE287CF112063BCB5F14B05F&time_stamp=1524914965 200
INFO main com.vanadis.vap.utils.HttpUtils - doGet:https://api.ai.qq.com/fcgi-bin/nlp/nlp_textchat?app_id=1106856622&nonce_str=l7lhzqncwv842uzpw&question=&session=10000&sign=F2C21B90A5803F21D11ACD74386A68A3&time_stamp=1524914966 200
INFO main com.vanadis.vap.utils.HttpUtils - doGet:https://api.ai.qq.com/fcgi-bin/nlp/nlp_textchat?app_id=1106856622&nonce_str=x771ccjiap4ezxubx&question=&session=10000&sign=F263C35682BF7FD7F0CCCB1A3559779C&time_stamp=1524914966 200
INFO main com.vanadis.vap.utils.HttpUtils - doGet:https://api.ai.qq.com/fcgi-bin/nlp/nlp_textchat?app_id=1106856622&nonce_str=7n1z0q98h35kcwgv2&question=&session=10000&sign=340AA3F8F99C69A20E98D06A819EF5EB&time_stamp=1524914966 200
INFO main com.vanadis.vap.utils.HttpUtils - doGet:https://api.ai.qq.com/fcgi-bin/nlp/nlp_textchat?app_id=1106856622&nonce_str=qjl5795rc37dpt42s&question=&session=10000&sign=927453257D8104063FCDE15BA8C84D2E&time_stamp=1524914966 200
INFO main com.vanadis.vap.utils.HttpUtils - doGet:https://api.ai.qq.com/fcgi-bin/nlp/nlp_textchat?app_id=1106856622&nonce_str=qekjj1fvcgcgnsqj2&question=&session=10000&sign=268C93DCE33DCB73FA6A926566D11F7E&time_stamp=1524914966 200
INFO main com.vanadis.vap.utils.HttpUtils - doGet:https://api.ai.qq.com/fcgi-bin/nlp/nlp_textchat?app_id=1106856622&nonce_str=e4dv1e9mym5l6kpsq&question=&session=10000&sign=23B36F8F942CF928DAD1A54F65E463A2&time_stamp=1524914966 200
INFO main com.vanadis.vap.utils.HttpUtils - doGet:https://api.ai.qq.com/fcgi-bin/nlp/nlp_textchat?app_id=1106856622&nonce_str=r07by0s8yctxrhqnp&question=&session=10000&sign=0BAA4079ABBBA5D460E76164B1FCD34D&time_stamp=1524914967 200
INFO main com.vanadis.vap.utils.HttpUtils - doGet:https://api.ai.qq.com/fcgi-bin/nlp/nlp_textchat?app_id=1106856622&nonce_str=vy5330uk71jd0o5zb&question=&session=10000&sign=CC1C85FB1197AA76735EA1EA850AB2CB&time_stamp=1524914967 200
INFO main com.vanadis.vap.utils.HttpUtils - doGet:https://api.ai.qq.com/fcgi-bin/nlp/nlp_textchat?app_id=1106856622&nonce_str=bhhx3mmethedk7kd6&question=&session=10000&sign=5FA82CA0E2724C330873DBC1B674333B&time_stamp=1524914967 200
INFO main com.vanadis.vap.utils.HttpUtils - doGet:https://api.ai.qq.com/fcgi-bin/nlp/nlp_textchat?app_id=1106856622&nonce_str=fup0xf3r0908q8ehe&question=&session=10000&sign=8BB71A40FD381018CB6CE3B3BC2ED063&time_stamp=1524914967 200
INFO main com.vanadis.vap.utils.HttpUtils - doGet:https://api.ai.qq.com/fcgi-bin/nlp/nlp_textchat?app_id=1106856622&nonce_str=u1zs1p86fxf3m1of4&question=&session=10000&sign=9E5E43269B989B6F8DBCD7BC4B925A1B&time_stamp=1524914967 200
INFO main com.vanadis.vap.utils.HttpUtils - doGet:https://api.ai.qq.com/fcgi-bin/nlp/nlp_textchat?app_id=1106856622&nonce_str=y1pp1tp4lqlgeplec&question=&session=10000&sign=6FFEEF55441A4C566A17EABE87467E16&time_stamp=1524914967 200
INFO main com.vanadis.vap.utils.HttpUtils - doGet:https://api.ai.qq.com/fcgi-bin/nlp/nlp_textchat?app_id=1106856622&nonce_str=bqhn44fv73bck04ga&question=&session=10000&sign=020DA51D2B9BAEE176198E775A3BC36B&time_stamp=1524914968 200
INFO main com.vanadis.vap.utils.HttpUtils - doGet:https://api.ai.qq.com/fcgi-bin/nlp/nlp_textchat?app_id=1106856622&nonce_str=7p6lscjyxm2rvj8ch&question=&session=10000&sign=3F2B38E959526DCCBD081EF50324513E&time_stamp=1524914968 200
INFO main com.vanadis.vap.utils.HttpUtils - doGet:https://api.ai.qq.com/fcgi-bin/nlp/nlp_textchat?app_id=1106856622&nonce_str=2pnx573swavx8hzjx&question=&session=10000&sign=6D4F7FF50C352F1DAD78084DC3E456A5&time_stamp=1524914968 200
INFO main com.vanadis.vap.utils.HttpUtils - doGet:https://api.ai.qq.com/fcgi-bin/nlp/nlp_textchat?app_id=1106856622&nonce_str=uls6zvxjoj24ncmk2&question=&session=10000&sign=1BC5901113FFC7CA373862DE78408467&time_stamp=1524914968 200
INFO pool-3-thread-1 com.vanadis.vap.utils.HttpUtils - doGet:http://www.89ip.cn/apijk/?&tqsl=300&sxa=&sxb=&tta=&ports=&ktip=&cf=1 200
INFO pool-4-thread-20 com.vanadis.vap.utils.HttpUtils - visitGet:http://blog.csdn.net/vanadis_outlook/article/details/71515487 502
INFO pool-4-thread-27 com.vanadis.vap.utils.HttpUtils - visitGet:http://blog.csdn.net/vanadis_outlook/article/details/68926324 502
INFO pool-4-thread-21 com.vanadis.vap.utils.HttpUtils - visitGet:http://blog.csdn.net/vanadis_outlook/article/details/70158834 403
INFO pool-4-thread-15 com.vanadis.vap.utils.HttpUtils - visitGet:http://blog.csdn.net/vanadis_outlook/article/details/71440510 403
INFO pool-4-thread-57 com.vanadis.vap.utils.HttpUtils - visitGet:http://blog.csdn.net/vanadis_outlook/article/details/71541589 404
INFO pool-4-thread-12 com.vanadis.vap.utils.HttpUtils - visitGet:http://blog.csdn.net/vanadis_outlook/article/details/68485949 200
INFO pool-4-thread-83 com.vanadis.vap.utils.HttpUtils - visitGet:http://blog.csdn.net/vanadis_outlook/article/details/70313045 200
INFO pool-4-thread-128 com.vanadis.vap.utils.HttpUtils - visitGet:http://blog.csdn.net/Vanadis_outlook/article/details/79793961 400
INFO pool-4-thread-107 com.vanadis.vap.utils.HttpUtils - visitGet:http://blog.csdn.net/vanadis_outlook/article/details/68485949 200
INFO pool-4-thread-95 com.vanadis.vap.utils.HttpUtils - visitGet:http://blog.csdn.net/vanadis_outlook/article/details/67634699 200
INFO pool-4-thread-38 com.vanadis.vap.utils.HttpUtils - visitGet:http://blog.csdn.net/vanadis_outlook/article/details/68482881 200
INFO pool-4-thread-76 com.vanadis.vap.utils.HttpUtils - visitGet:http://blog.csdn.net/vanadis_outlook/article/details/70172029 200
INFO pool-4-thread-53 com.vanadis.vap.utils.HttpUtils - visitGet:http://blog.csdn.net/vanadis_outlook/article/details/72851739 200
INFO pool-4-thread-11 com.vanadis.vap.utils.HttpUtils - visitGet:http://blog.csdn.net/vanadis_outlook/article/details/70158834 200
INFO pool-4-thread-130 com.vanadis.vap.utils.HttpUtils - visitGet:http://blog.csdn.net/vanadis_outlook/article/details/68926324 403
INFO pool-4-thread-108 com.vanadis.vap.utils.HttpUtils - visitGet:http://blog.csdn.net/vanadis_outlook/article/details/68926324 200
INFO pool-4-thread-79 com.vanadis.vap.utils.HttpUtils - visitGet:http://blog.csdn.net/vanadis_outlook/article/details/70313101 200
INFO pool-4-thread-43 com.vanadis.vap.utils.HttpUtils - visitGet:http://blog.csdn.net/vanadis_outlook/article/details/72851739 404
INFO pool-4-thread-26 com.vanadis.vap.utils.HttpUtils - visitGet:http://blog.csdn.net/vanadis_outlook/article/details/72851739 200
INFO pool-4-thread-46 com.vanadis.vap.utils.HttpUtils - visitGet:http://blog.csdn.net/vanadis_outlook/article/details/68061686 200
INFO pool-4-thread-87 com.vanadis.vap.utils.HttpUtils - visitGet:http://blog.csdn.net/vanadis_outlook/article/details/73223918 200
INFO pool-4-thread-91 com.vanadis.vap.utils.HttpUtils - visitGet:http://blog.csdn.net/vanadis_outlook/article/details/71541589 400
INFO pool-4-thread-5 com.vanadis.vap.utils.HttpUtils - visitGet:http://blog.csdn.net/vanadis_outlook/article/details/72844302 200
INFO pool-4-thread-126 com.vanadis.vap.utils.HttpUtils - visitGet:http://blog.csdn.net/vanadis_outlook/article/details/72848008 200
INFO pool-4-thread-98 com.vanadis.vap.utils.HttpUtils - visitGet:http://blog.csdn.net/vanadis_outlook/article/details/71106563 200
INFO pool-4-thread-67 com.vanadis.vap.utils.HttpUtils - visitGet:http://blog.csdn.net/vanadis_outlook/article/details/71515487 200
INFO pool-4-thread-85 com.vanadis.vap.utils.HttpUtils - visitGet:http://blog.csdn.net/vanadis_outlook/article/details/70158834 200
INFO pool-4-thread-24 com.vanadis.vap.utils.HttpUtils - visitGet:http://blog.csdn.net/vanadis_outlook/article/details/70313101 200
INFO pool-4-thread-15 com.vanadis.vap.utils.HttpUtils - visitGet:http://blog.csdn.net/vanadis_outlook/article/details/68485949 200
INFO pool-4-thread-125 com.vanadis.vap.utils.HttpUtils - visitGet:http://blog.csdn.net/vanadis_outlook/article/details/70313101 500
INFO pool-4-thread-45 com.vanadis.vap.utils.HttpUtils - visitGet:http://blog.csdn.net/vanadis_outlook/article/details/71440510 200
INFO pool-4-thread-44 com.vanadis.vap.utils.HttpUtils - visitGet:http://blog.csdn.net/vanadis_outlook/article/details/72848008 200
INFO pool-4-thread-115 com.vanadis.vap.utils.HttpUtils - visitGet:http://blog.csdn.net/vanadis_outlook/article/details/70144841 200
INFO pool-4-thread-82 com.vanadis.vap.utils.HttpUtils - visitGet:http://blog.csdn.net/vanadis_outlook/article/details/70172029 200
INFO pool-4-thread-111 com.vanadis.vap.utils.HttpUtils - visitGet:http://blog.csdn.net/vanadis_outlook/article/details/70670699 200
INFO pool-4-thread-28 com.vanadis.vap.utils.HttpUtils - visitGet:http://blog.csdn.net/vanadis_outlook/article/details/70144841 200
INFO pool-3-thread-1 com.vanadis.vap.utils.HttpUtils - doGet:https://blog.csdn.net/vanadis_outlook 200
INFO pool-3-thread-1 com.vanadis.vap.utils.HttpUtils - doGet:https://blog.csdn.net/vanadis_outlook/article/list/2 200
INFO pool-3-thread-1 com.vanadis.vap.utils.HttpUtils - doGet:http://www.89ip.cn/apijk/?&tqsl=300&sxa=&sxb=&tta=&ports=&ktip=&cf=1 200
INFO pool-5-thread-18 com.vanadis.vap.utils.HttpUtils - visitGet:http://blog.csdn.net/Vanadis_outlook/article/details/79793961 500
INFO pool-5-thread-19 com.vanadis.vap.utils.HttpUtils - visitGet:http://blog.csdn.net/vanadis_outlook/article/details/72851739 403
INFO pool-5-thread-21 com.vanadis.vap.utils.HttpUtils - visitGet:http://blog.csdn.net/vanadis_outlook/article/details/70670699 502
INFO pool-5-thread-22 com.vanadis.vap.utils.HttpUtils - visitGet:http://blog.csdn.net/vanadis_outlook/article/details/71440510 502
INFO pool-5-thread-46 com.vanadis.vap.utils.HttpUtils - visitGet:http://blog.csdn.net/vanadis_outlook/article/details/70172029 404
INFO pool-5-thread-26 com.vanadis.vap.utils.HttpUtils - visitGet:http://blog.csdn.net/vanadis_outlook/article/details/68485949 500
INFO pool-5-thread-100 com.vanadis.vap.utils.HttpUtils - visitGet:http://blog.csdn.net/vanadis_outlook/article/details/72844302 400
INFO pool-5-thread-71 com.vanadis.vap.utils.HttpUtils - visitGet:http://blog.csdn.net/vanadis_outlook/article/details/68485949 400
INFO pool-5-thread-106 com.vanadis.vap.utils.HttpUtils - visitGet:http://blog.csdn.net/vanadis_outlook/article/details/71541589 200
INFO pool-5-thread-58 com.vanadis.vap.utils.HttpUtils - visitGet:http://blog.csdn.net/vanadis_outlook/article/details/71106563 200
INFO pool-5-thread-102 com.vanadis.vap.utils.HttpUtils - visitGet:http://blog.csdn.net/vanadis_outlook/article/details/68482881 200
INFO pool-5-thread-82 com.vanadis.vap.utils.HttpUtils - visitGet:http://blog.csdn.net/vanadis_outlook/article/details/71541589 200
INFO pool-5-thread-61 com.vanadis.vap.utils.HttpUtils - visitGet:http://blog.csdn.net/vanadis_outlook/article/details/70313045 200
INFO pool-5-thread-39 com.vanadis.vap.utils.HttpUtils - visitGet:http://blog.csdn.net/vanadis_outlook/article/details/70332257 200
INFO pool-5-thread-59 com.vanadis.vap.utils.HttpUtils - visitGet:http://blog.csdn.net/vanadis_outlook/article/details/70144841 200
INFO pool-5-thread-29 com.vanadis.vap.utils.HttpUtils - visitGet:http://blog.csdn.net/vanadis_outlook/article/details/73223918 200
INFO pool-5-thread-79 com.vanadis.vap.utils.HttpUtils - visitGet:http://blog.csdn.net/vanadis_outlook/article/details/71440510 504
INFO pool-5-thread-13 com.vanadis.vap.utils.HttpUtils - visitGet:http://blog.csdn.net/vanadis_outlook/article/details/70313045 200
INFO pool-5-thread-63 com.vanadis.vap.utils.HttpUtils - visitGet:http://blog.csdn.net/vanadis_outlook/article/details/68482881 200
INFO pool-5-thread-91 com.vanadis.vap.utils.HttpUtils - visitGet:http://blog.csdn.net/vanadis_outlook/article/details/68485949 401
INFO pool-5-thread-17 com.vanadis.vap.utils.HttpUtils - visitGet:http://blog.csdn.net/vanadis_outlook/article/details/72830205 200
INFO pool-5-thread-22 com.vanadis.vap.utils.HttpUtils - visitGet:http://blog.csdn.net/vanadis_outlook/article/details/70332257 200
INFO pool-5-thread-28 com.vanadis.vap.utils.HttpUtils - visitGet:http://blog.csdn.net/vanadis_outlook/article/details/68482881 200
INFO pool-5-thread-34 com.vanadis.vap.utils.HttpUtils - visitGet:http://blog.csdn.net/vanadis_outlook/article/details/70332257 200
INFO pool-3-thread-1 com.vanadis.vap.utils.HttpUtils - doGet:http://www.89ip.cn/apijk/?&tqsl=300&sxa=&sxb=&tta=&ports=&ktip=&cf=1 200
INFO pool-6-thread-1 com.vanadis.vap.utils.HttpUtils - visitGet:http://blog.csdn.net/vanadis_outlook/article/details/70144841 400
INFO pool-6-thread-9 com.vanadis.vap.utils.HttpUtils - visitGet:http://blog.csdn.net/vanadis_outlook/article/details/72844302 400
INFO pool-6-thread-75 com.vanadis.vap.utils.HttpUtils - visitGet:http://blog.csdn.net/vanadis_outlook/article/details/72844302 200
INFO pool-6-thread-90 com.vanadis.vap.utils.HttpUtils - visitGet:http://blog.csdn.net/vanadis_outlook/article/details/72848008 503
INFO pool-3-thread-1 com.vanadis.vap.utils.HttpUtils - doGet:http://www.xicidaili.com/nt/ 200
INFO pool-6-thread-38 com.vanadis.vap.utils.HttpUtils - visitGet:http://blog.csdn.net/vanadis_outlook/article/details/68926324 400
INFO pool-6-thread-16 com.vanadis.vap.utils.HttpUtils - visitGet:http://blog.csdn.net/vanadis_outlook/article/details/72831853 400
INFO pool-6-thread-64 com.vanadis.vap.utils.HttpUtils - visitGet:http://blog.csdn.net/Vanadis_outlook/article/details/73038594 400
INFO pool-6-thread-54 com.vanadis.vap.utils.HttpUtils - visitGet:http://blog.csdn.net/vanadis_outlook/article/details/70332257 200
INFO pool-6-thread-63 com.vanadis.vap.utils.HttpUtils - visitGet:http://blog.csdn.net/vanadis_outlook/article/details/72844302 200
INFO pool-6-thread-60 com.vanadis.vap.utils.HttpUtils - visitGet:http://blog.csdn.net/vanadis_outlook/article/details/72848008 200
INFO pool-6-thread-71 com.vanadis.vap.utils.HttpUtils - visitGet:http://blog.csdn.net/vanadis_outlook/article/details/71106563 200
INFO pool-3-thread-1 com.vanadis.vap.utils.HttpUtils - doGet:http://www.xicidaili.com/nt/2 200
INFO pool-6-thread-61 com.vanadis.vap.utils.HttpUtils - visitGet:http://blog.csdn.net/vanadis_outlook/article/details/71515487 200
INFO pool-6-thread-23 com.vanadis.vap.utils.HttpUtils - visitGet:http://blog.csdn.net/vanadis_outlook/article/details/72851739 200
INFO pool-6-thread-83 com.vanadis.vap.utils.HttpUtils - visitGet:http://blog.csdn.net/vanadis_outlook/article/details/71106563 500
INFO pool-3-thread-1 com.vanadis.vap.utils.HttpUtils - doGet:http://www.xicidaili.com/nt/3 200
INFO pool-6-thread-73 com.vanadis.vap.utils.HttpUtils - visitGet:http://blog.csdn.net/vanadis_outlook/article/details/68926324 403
INFO pool-6-thread-65 com.vanadis.vap.utils.HttpUtils - visitGet:http://blog.csdn.net/vanadis_outlook/article/details/68926324 200
INFO pool-6-thread-67 com.vanadis.vap.utils.HttpUtils - visitGet:http://blog.csdn.net/Vanadis_outlook/article/details/79793961 200
INFO pool-6-thread-20 com.vanadis.vap.utils.HttpUtils - visitGet:http://blog.csdn.net/vanadis_outlook/article/details/71541589 503
INFO pool-6-thread-7 com.vanadis.vap.utils.HttpUtils - visitGet:http://blog.csdn.net/vanadis_outlook/article/details/68061686 200
INFO pool-3-thread-1 com.vanadis.vap.utils.HttpUtils - doGet:http://www.xicidaili.com/nn/ 200
INFO pool-6-thread-6 com.vanadis.vap.utils.HttpUtils - visitGet:http://blog.csdn.net/vanadis_outlook/article/details/71440510 404
INFO pool-6-thread-33 com.vanadis.vap.utils.HttpUtils - visitGet:http://blog.csdn.net/vanadis_outlook/article/details/67634699 200
INFO pool-6-thread-78 com.vanadis.vap.utils.HttpUtils - visitGet:http://blog.csdn.net/vanadis_outlook/article/details/70332257 200
INFO pool-3-thread-1 com.vanadis.vap.utils.HttpUtils - doGet:http://www.xicidaili.com/nn/2 200
INFO pool-6-thread-62 com.vanadis.vap.utils.HttpUtils - visitGet:http://blog.csdn.net/vanadis_outlook/article/details/73223918 200
INFO pool-6-thread-84 com.vanadis.vap.utils.HttpUtils - visitGet:http://blog.csdn.net/vanadis_outlook/article/details/68485949 200
INFO pool-3-thread-1 com.vanadis.vap.utils.HttpUtils - doGet:http://www.xicidaili.com/nn/3 200
INFO pool-6-thread-87 com.vanadis.vap.utils.HttpUtils - visitGet:http://blog.csdn.net/vanadis_outlook/article/details/71106563 200
INFO pool-3-thread-1 com.vanadis.vap.utils.HttpUtils - doGet:http://www.xicidaili.com/wt/ 200
INFO pool-6-thread-86 com.vanadis.vap.utils.HttpUtils - visitGet:http://blog.csdn.net/vanadis_outlook/article/details/68482881 500
INFO pool-3-thread-1 com.vanadis.vap.utils.HttpUtils - doGet:http://www.xicidaili.com/wt/2 200
INFO pool-6-thread-69 com.vanadis.vap.utils.HttpUtils - visitGet:http://blog.csdn.net/vanadis_outlook/article/details/67634780 200
INFO pool-3-thread-1 com.vanadis.vap.utils.HttpUtils - doGet:http://www.xicidaili.com/wt/3 200
INFO pool-6-thread-68 com.vanadis.vap.utils.HttpUtils - visitGet:http://blog.csdn.net/vanadis_outlook/article/details/71440510 200
INFO pool-3-thread-1 com.vanadis.vap.utils.HttpUtils - doGet:http://www.xicidaili.com/wn/ 200
INFO pool-3-thread-1 com.vanadis.vap.utils.HttpUtils - doGet:http://www.xicidaili.com/wn/2 200
INFO pool-3-thread-1 com.vanadis.vap.utils.HttpUtils - doGet:http://www.xicidaili.com/wn/3 200
INFO pool-6-thread-10 com.vanadis.vap.utils.HttpUtils - visitGet:http://blog.csdn.net/vanadis_outlook/article/details/68485949 200
INFO pool-3-thread-1 com.vanadis.vap.utils.HttpUtils - doGet:http://www.89ip.cn/apijk/?&tqsl=300&sxa=&sxb=&tta=&ports=&ktip=&cf=1 200
INFO pool-7-thread-1 com.vanadis.vap.utils.HttpUtils - visitGet:http://blog.csdn.net/vanadis_outlook/article/details/67634699 400
INFO pool-7-thread-8 com.vanadis.vap.utils.HttpUtils - visitGet:http://blog.csdn.net/vanadis_outlook/article/details/71440510 400
INFO pool-7-thread-74 com.vanadis.vap.utils.HttpUtils - visitGet:http://blog.csdn.net/vanadis_outlook/article/details/70158834 503
INFO pool-7-thread-21 com.vanadis.vap.utils.HttpUtils - visitGet:http://blog.csdn.net/vanadis_outlook/article/details/68926324 400
INFO pool-7-thread-17 com.vanadis.vap.utils.HttpUtils - visitGet:http://blog.csdn.net/vanadis_outlook/article/details/70144841 503
INFO pool-7-thread-14 com.vanadis.vap.utils.HttpUtils - visitGet:http://blog.csdn.net/vanadis_outlook/article/details/73223918 400
INFO pool-7-thread-27 com.vanadis.vap.utils.HttpUtils - visitGet:http://blog.csdn.net/vanadis_outlook/article/details/72844302 200
INFO pool-7-thread-6 com.vanadis.vap.utils.HttpUtils - visitGet:http://blog.csdn.net/Vanadis_outlook/article/details/73038594 404
INFO pool-7-thread-61 com.vanadis.vap.utils.HttpUtils - visitGet:http://blog.csdn.net/vanadis_outlook/article/details/70158834 403
INFO pool-7-thread-26 com.vanadis.vap.utils.HttpUtils - visitGet:http://blog.csdn.net/vanadis_outlook/article/details/71515487 400
INFO pool-7-thread-36 com.vanadis.vap.utils.HttpUtils - visitGet:http://blog.csdn.net/Vanadis_outlook/article/details/73038594 400
INFO pool-7-thread-70 com.vanadis.vap.utils.HttpUtils - visitGet:http://blog.csdn.net/vanadis_outlook/article/details/70144841 500
INFO pool-3-thread-1 com.vanadis.vap.utils.HttpUtils - doGet:https://blog.csdn.net/vanadis_outlook 200
INFO pool-3-thread-1 com.vanadis.vap.utils.HttpUtils - doGet:https://blog.csdn.net/vanadis_outlook/article/list/2 200
INFO pool-3-thread-1 com.vanadis.vap.utils.HttpUtils - doGet:http://www.89ip.cn/apijk/?&tqsl=300&sxa=&sxb=&tta=&ports=&ktip=&cf=1 200
INFO pool-8-thread-8 com.vanadis.vap.utils.HttpUtils - visitGet:http://blog.csdn.net/vanadis_outlook/article/details/70313045 400
INFO pool-8-thread-18 com.vanadis.vap.utils.HttpUtils - visitGet:http://blog.csdn.net/vanadis_outlook/article/details/70313101 503
INFO pool-8-thread-18 com.vanadis.vap.utils.HttpUtils - visitGet:http://blog.csdn.net/vanadis_outlook/article/details/67634699 503
INFO pool-8-thread-8 com.vanadis.vap.utils.HttpUtils - visitGet:http://blog.csdn.net/vanadis_outlook/article/details/72830205 503
INFO pool-8-thread-56 com.vanadis.vap.utils.HttpUtils - visitGet:http://blog.csdn.net/vanadis_outlook/article/details/68485949 400
INFO pool-8-thread-66 com.vanadis.vap.utils.HttpUtils - visitGet:http://blog.csdn.net/Vanadis_outlook/article/details/73038594 200
INFO pool-8-thread-14 com.vanadis.vap.utils.HttpUtils - visitGet:http://blog.csdn.net/vanadis_outlook/article/details/68482881 400
INFO pool-8-thread-6 com.vanadis.vap.utils.HttpUtils - visitGet:http://blog.csdn.net/vanadis_outlook/article/details/70144841 404
INFO pool-8-thread-60 com.vanadis.vap.utils.HttpUtils - visitGet:http://blog.csdn.net/vanadis_outlook/article/details/72848008 403
INFO pool-8-thread-65 com.vanadis.vap.utils.HttpUtils - visitGet:http://blog.csdn.net/vanadis_outlook/article/details/70313045 200
INFO pool-8-thread-71 com.vanadis.vap.utils.HttpUtils - visitGet:http://blog.csdn.net/vanadis_outlook/article/details/72831853 500
INFO pool-3-thread-1 com.vanadis.vap.utils.HttpUtils - doGet:http://www.89ip.cn/apijk/?&tqsl=300&sxa=&sxb=&tta=&ports=&ktip=&cf=1 200
INFO pool-9-thread-1 com.vanadis.vap.utils.HttpUtils - visitGet:http://blog.csdn.net/vanadis_outlook/article/details/70332257 400
INFO pool-9-thread-8 com.vanadis.vap.utils.HttpUtils - visitGet:http://blog.csdn.net/vanadis_outlook/article/details/68061686 400
INFO pool-9-thread-18 com.vanadis.vap.utils.HttpUtils - visitGet:http://blog.csdn.net/vanadis_outlook/article/details/67634780 503
INFO pool-9-thread-77 com.vanadis.vap.utils.HttpUtils - visitGet:http://blog.csdn.net/vanadis_outlook/article/details/72851739 503
INFO pool-9-thread-60 com.vanadis.vap.utils.HttpUtils - visitGet:http://blog.csdn.net/Vanadis_outlook/article/details/79793961 400
INFO pool-9-thread-71 com.vanadis.vap.utils.HttpUtils - visitGet:http://blog.csdn.net/vanadis_outlook/article/details/70158834 500
INFO pool-9-thread-6 com.vanadis.vap.utils.HttpUtils - visitGet:http://blog.csdn.net/vanadis_outlook/article/details/67634780 404
INFO pool-9-thread-64 com.vanadis.vap.utils.HttpUtils - visitGet:http://blog.csdn.net/Vanadis_outlook/article/details/79793961 403
INFO pool-9-thread-36 com.vanadis.vap.utils.HttpUtils - visitGet:http://blog.csdn.net/vanadis_outlook/article/details/70158834 400
INFO pool-9-thread-23 com.vanadis.vap.utils.HttpUtils - visitGet:http://blog.csdn.net/vanadis_outlook/article/details/71440510 500
INFO pool-9-thread-76 com.vanadis.vap.utils.HttpUtils - visitGet:http://blog.csdn.net/vanadis_outlook/article/details/70313045 200
INFO pool-9-thread-56 com.vanadis.vap.utils.HttpUtils - visitGet:http://blog.csdn.net/Vanadis_outlook/article/details/73038594 200
INFO pool-3-thread-1 com.vanadis.vap.utils.HttpUtils - doGet:http://www.89ip.cn/apijk/?&tqsl=300&sxa=&sxb=&tta=&ports=&ktip=&cf=1 200
INFO pool-10-thread-1 com.vanadis.vap.utils.HttpUtils - visitGet:http://blog.csdn.net/vanadis_outlook/article/details/72831853 400
INFO pool-10-thread-8 com.vanadis.vap.utils.HttpUtils - visitGet:http://blog.csdn.net/vanadis_outlook/article/details/70172029 400
INFO pool-10-thread-17 com.vanadis.vap.utils.HttpUtils - visitGet:http://blog.csdn.net/vanadis_outlook/article/details/67634699 503
INFO pool-10-thread-56 com.vanadis.vap.utils.HttpUtils - visitGet:http://blog.csdn.net/vanadis_outlook/article/details/70313101 500
INFO pool-10-thread-70 com.vanadis.vap.utils.HttpUtils - visitGet:http://blog.csdn.net/vanadis_outlook/article/details/68482881 503
INFO pool-10-thread-34 com.vanadis.vap.utils.HttpUtils - visitGet:http://blog.csdn.net/vanadis_outlook/article/details/73223918 500
INFO pool-10-thread-14 com.vanadis.vap.utils.HttpUtils - visitGet:http://blog.csdn.net/vanadis_outlook/article/details/67634699 400
INFO pool-10-thread-20 com.vanadis.vap.utils.HttpUtils - visitGet:http://blog.csdn.net/vanadis_outlook/article/details/68482881 503
INFO pool-10-thread-6 com.vanadis.vap.utils.HttpUtils - visitGet:http://blog.csdn.net/Vanadis_outlook/article/details/73038594 404
INFO pool-10-thread-65 com.vanadis.vap.utils.HttpUtils - visitGet:http://blog.csdn.net/vanadis_outlook/article/details/70332257 200
INFO pool-10-thread-60 com.vanadis.vap.utils.HttpUtils - visitGet:http://blog.csdn.net/vanadis_outlook/article/details/70313045 200
INFO pool-10-thread-8 com.vanadis.vap.utils.HttpUtils - visitGet:http://blog.csdn.net/vanadis_outlook/article/details/71440510 200
INFO pool-10-thread-27 com.vanadis.vap.utils.HttpUtils - visitGet:http://blog.csdn.net/vanadis_outlook/article/details/68482881 400
INFO pool-10-thread-36 com.vanadis.vap.utils.HttpUtils - visitGet:http://blog.csdn.net/vanadis_outlook/article/details/68482881 200
INFO pool-3-thread-1 com.vanadis.vap.utils.HttpUtils - doGet:https://blog.csdn.net/vanadis_outlook 200
INFO pool-3-thread-1 com.vanadis.vap.utils.HttpUtils - doGet:https://blog.csdn.net/vanadis_outlook/article/list/2 200
INFO pool-3-thread-1 com.vanadis.vap.utils.HttpUtils - doGet:http://www.89ip.cn/apijk/?&tqsl=300&sxa=&sxb=&tta=&ports=&ktip=&cf=1 200
INFO pool-11-thread-8 com.vanadis.vap.utils.HttpUtils - visitGet:http://blog.csdn.net/vanadis_outlook/article/details/67634780 400
INFO pool-11-thread-69 com.vanadis.vap.utils.HttpUtils - visitGet:http://blog.csdn.net/vanadis_outlook/article/details/68061686 503
INFO pool-11-thread-58 com.vanadis.vap.utils.HttpUtils - visitGet:http://blog.csdn.net/vanadis_outlook/article/details/72851739 200
INFO pool-11-thread-20 com.vanadis.vap.utils.HttpUtils - visitGet:http://blog.csdn.net/vanadis_outlook/article/details/71515487 400
INFO pool-11-thread-62 com.vanadis.vap.utils.HttpUtils - visitGet:http://blog.csdn.net/vanadis_outlook/article/details/70144841 200
INFO pool-11-thread-18 com.vanadis.vap.utils.HttpUtils - visitGet:http://blog.csdn.net/vanadis_outlook/article/details/68482881 503
INFO pool-11-thread-14 com.vanadis.vap.utils.HttpUtils - visitGet:http://blog.csdn.net/vanadis_outlook/article/details/68482881 400
INFO pool-11-thread-6 com.vanadis.vap.utils.HttpUtils - visitGet:http://blog.csdn.net/Vanadis_outlook/article/details/73038594 404
INFO pool-11-thread-22 com.vanadis.vap.utils.HttpUtils - visitGet:http://blog.csdn.net/vanadis_outlook/article/details/68926324 500
INFO pool-11-thread-65 com.vanadis.vap.utils.HttpUtils - visitGet:http://blog.csdn.net/vanadis_outlook/article/details/70172029 200
INFO pool-11-thread-10 com.vanadis.vap.utils.HttpUtils - visitGet:http://blog.csdn.net/vanadis_outlook/article/details/73223918 200
INFO pool-11-thread-27 com.vanadis.vap.utils.HttpUtils - visitGet:http://blog.csdn.net/vanadis_outlook/article/details/68485949 200
INFO pool-3-thread-1 com.vanadis.vap.utils.HttpUtils - doGet:http://www.89ip.cn/apijk/?&tqsl=300&sxa=&sxb=&tta=&ports=&ktip=&cf=1 200
INFO pool-12-thread-8 com.vanadis.vap.utils.HttpUtils - visitGet:http://blog.csdn.net/vanadis_outlook/article/details/72830205 400
INFO pool-12-thread-1 com.vanadis.vap.utils.HttpUtils - visitGet:http://blog.csdn.net/vanadis_outlook/article/details/67634699 400
INFO pool-12-thread-18 com.vanadis.vap.utils.HttpUtils - visitGet:http://blog.csdn.net/vanadis_outlook/article/details/72848008 503
INFO pool-3-thread-1 com.vanadis.vap.utils.HttpUtils - doGet:http://www.xicidaili.com/nt/ 200
INFO pool-12-thread-57 com.vanadis.vap.utils.HttpUtils - visitGet:http://blog.csdn.net/vanadis_outlook/article/details/72851739 503
INFO pool-12-thread-49 com.vanadis.vap.utils.HttpUtils - visitGet:http://blog.csdn.net/vanadis_outlook/article/details/67634780 400
INFO pool-12-thread-15 com.vanadis.vap.utils.HttpUtils - visitGet:http://blog.csdn.net/vanadis_outlook/article/details/70144841 400
INFO pool-3-thread-1 com.vanadis.vap.utils.HttpUtils - doGet:http://www.xicidaili.com/nt/2 200
INFO pool-3-thread-1 com.vanadis.vap.utils.HttpUtils - doGet:http://www.xicidaili.com/nt/3 200
INFO pool-12-thread-6 com.vanadis.vap.utils.HttpUtils - visitGet:http://blog.csdn.net/vanadis_outlook/article/details/70158834 404
INFO pool-12-thread-55 com.vanadis.vap.utils.HttpUtils - visitGet:http://blog.csdn.net/vanadis_outlook/article/details/70313101 500
INFO pool-3-thread-1 com.vanadis.vap.utils.HttpUtils - doGet:http://www.xicidaili.com/nn/ 200
INFO pool-3-thread-1 com.vanadis.vap.utils.HttpUtils - doGet:http://www.xicidaili.com/nn/2 200
INFO pool-3-thread-1 com.vanadis.vap.utils.HttpUtils - doGet:http://www.xicidaili.com/nn/3 200
INFO pool-3-thread-1 com.vanadis.vap.utils.HttpUtils - doGet:http://www.xicidaili.com/wt/ 200
INFO pool-3-thread-1 com.vanadis.vap.utils.HttpUtils - doGet:http://www.xicidaili.com/wt/2 200
INFO pool-3-thread-1 com.vanadis.vap.utils.HttpUtils - doGet:http://www.xicidaili.com/wt/3 200
INFO pool-12-thread-22 com.vanadis.vap.utils.HttpUtils - visitGet:http://blog.csdn.net/vanadis_outlook/article/details/72848008 500
INFO pool-12-thread-1 com.vanadis.vap.utils.HttpUtils - visitGet:http://blog.csdn.net/Vanadis_outlook/article/details/73038594 200
INFO pool-3-thread-1 com.vanadis.vap.utils.HttpUtils - doGet:http://www.xicidaili.com/wn/ 200
INFO pool-3-thread-1 com.vanadis.vap.utils.HttpUtils - doGet:http://www.xicidaili.com/wn/2 200
INFO pool-3-thread-1 com.vanadis.vap.utils.HttpUtils - doGet:http://www.xicidaili.com/wn/3 200
INFO http-nio-8080-exec-3 com.vanadis.vap.utils.HttpUtils - doGet:https://api.ai.qq.com/fcgi-bin/nlp/nlp_textchat?app_id=1106856622&nonce_str=edy7lbg3njy306hf0&question=&session=10000&sign=D2DBE3F014CDA8C6702B5723245C0230&time_stamp=1524921427 200
INFO http-nio-8080-exec-5 com.vanadis.vap.utils.HttpUtils - doGet:https://api.ai.qq.com/fcgi-bin/nlp/nlp_textchat?app_id=1106856622&nonce_str=keujazpenftz6we6r&question=%E5%A4%A7%E6%A6%82&session=10000&sign=115A4E1F26A57D17BC164518421A67D5&time_stamp=1524921429 200
INFO http-nio-8080-exec-9 com.vanadis.vap.utils.HttpUtils - doGet:https://api.ai.qq.com/fcgi-bin/nlp/nlp_textchat?app_id=1106856622&nonce_str=kwghanpzub5iytgxw&question=&session=10000&sign=E3E2D86991A821DB986397DF7DEB7F05&time_stamp=1524921468 200
INFO http-nio-8080-exec-10 com.vanadis.vap.utils.HttpUtils - doGet:https://api.ai.qq.com/fcgi-bin/nlp/nlp_textchat?app_id=1106856622&nonce_str=lqi6py7f2mim712pr&question=%E4%B9%9F%E8%AE%B8&session=10000&sign=AA7EA2182A41B6318359EC49B19CEF08&time_stamp=1524921471 200
INFO http-nio-8080-exec-6 com.vanadis.vap.utils.HttpUtils - doGet:https://api.ai.qq.com/fcgi-bin/nlp/nlp_textchat?app_id=1106856622&nonce_str=cnp63nl17jvm48rd4&question=&session=10000&sign=2852D03A80BCD18349A10F61684518D3&time_stamp=1524921553 200
INFO http-nio-8080-exec-9 com.vanadis.vap.utils.HttpUtils - doGet:https://api.ai.qq.com/fcgi-bin/nlp/nlp_textchat?app_id=1106856622&nonce_str=wo7mzi5v9mmdqz71j&question=%E4%BB%8A%E5%A4%A9&session=10000&sign=055AEE8780C9B2F9FCB4E6F43375E2F6&time_stamp=1524921555 200
INFO pool-3-thread-1 com.vanadis.vap.utils.HttpUtils - doGet:http://www.89ip.cn/apijk/?&tqsl=300&sxa=&sxb=&tta=&ports=&ktip=&cf=1 200
INFO pool-13-thread-8 com.vanadis.vap.utils.HttpUtils - visitGet:http://blog.csdn.net/vanadis_outlook/article/details/72851739 500
INFO pool-13-thread-1 com.vanadis.vap.utils.HttpUtils - visitGet:http://blog.csdn.net/vanadis_outlook/article/details/70313045 400
INFO pool-13-thread-10 com.vanadis.vap.utils.HttpUtils - visitGet:http://blog.csdn.net/vanadis_outlook/article/details/72830205 503
INFO pool-13-thread-48 com.vanadis.vap.utils.HttpUtils - visitGet:http://blog.csdn.net/Vanadis_outlook/article/details/79793961 500
INFO pool-13-thread-56 com.vanadis.vap.utils.HttpUtils - visitGet:http://blog.csdn.net/vanadis_outlook/article/details/71106563 503
INFO pool-13-thread-6 com.vanadis.vap.utils.HttpUtils - visitGet:http://blog.csdn.net/vanadis_outlook/article/details/70172029 404
INFO pool-13-thread-54 com.vanadis.vap.utils.HttpUtils - visitGet:http://blog.csdn.net/vanadis_outlook/article/details/70313101 500
INFO pool-13-thread-15 com.vanadis.vap.utils.HttpUtils - visitGet:http://blog.csdn.net/vanadis_outlook/article/details/68061686 400
INFO pool-13-thread-27 com.vanadis.vap.utils.HttpUtils - visitGet:http://blog.csdn.net/vanadis_outlook/article/details/68485949 200
INFO pool-13-thread-24 com.vanadis.vap.utils.HttpUtils - visitGet:http://blog.csdn.net/vanadis_outlook/article/details/70144841 200
INFO pool-13-thread-14 com.vanadis.vap.utils.HttpUtils - visitGet:http://blog.csdn.net/vanadis_outlook/article/details/72851739 200
INFO pool-13-thread-53 com.vanadis.vap.utils.HttpUtils - visitGet:http://blog.csdn.net/vanadis_outlook/article/details/70313045 200
INFO pool-3-thread-1 com.vanadis.vap.utils.HttpUtils - doGet:https://blog.csdn.net/vanadis_outlook 200
INFO pool-3-thread-1 com.vanadis.vap.utils.HttpUtils - doGet:https://blog.csdn.net/vanadis_outlook/article/list/2 200
INFO pool-3-thread-1 com.vanadis.vap.utils.HttpUtils - doGet:http://www.89ip.cn/apijk/?&tqsl=300&sxa=&sxb=&tta=&ports=&ktip=&cf=1 200
INFO pool-14-thread-1 com.vanadis.vap.utils.HttpUtils - visitGet:http://blog.csdn.net/vanadis_outlook/article/details/70158834 400
INFO pool-14-thread-8 com.vanadis.vap.utils.HttpUtils - visitGet:http://blog.csdn.net/Vanadis_outlook/article/details/73038594 400
INFO pool-14-thread-28 com.vanadis.vap.utils.HttpUtils - visitGet:http://blog.csdn.net/vanadis_outlook/article/details/72851739 503
INFO pool-14-thread-18 com.vanadis.vap.utils.HttpUtils - visitGet:http://blog.csdn.net/vanadis_outlook/article/details/71541589 400
INFO pool-14-thread-15 com.vanadis.vap.utils.HttpUtils - visitGet:http://blog.csdn.net/vanadis_outlook/article/details/72844302 200
INFO pool-14-thread-6 com.vanadis.vap.utils.HttpUtils - visitGet:http://blog.csdn.net/vanadis_outlook/article/details/68061686 404
INFO pool-14-thread-56 com.vanadis.vap.utils.HttpUtils - visitGet:http://blog.csdn.net/vanadis_outlook/article/details/68482881 404
INFO pool-14-thread-29 com.vanadis.vap.utils.HttpUtils - visitGet:http://blog.csdn.net/vanadis_outlook/article/details/71515487 500
INFO pool-14-thread-48 com.vanadis.vap.utils.HttpUtils - visitGet:http://blog.csdn.net/vanadis_outlook/article/details/73223918 515
INFO pool-14-thread-13 com.vanadis.vap.utils.HttpUtils - visitGet:http://blog.csdn.net/vanadis_outlook/article/details/73223918 400
INFO pool-3-thread-1 com.vanadis.vap.utils.HttpUtils - doGet:http://www.89ip.cn/apijk/?&tqsl=300&sxa=&sxb=&tta=&ports=&ktip=&cf=1 200
INFO pool-15-thread-8 com.vanadis.vap.utils.HttpUtils - visitGet:http://blog.csdn.net/vanadis_outlook/article/details/67634699 400
INFO pool-15-thread-1 com.vanadis.vap.utils.HttpUtils - visitGet:http://blog.csdn.net/vanadis_outlook/article/details/72851739 400
INFO pool-15-thread-28 com.vanadis.vap.utils.HttpUtils - visitGet:http://blog.csdn.net/vanadis_outlook/article/details/72844302 503
INFO pool-15-thread-48 com.vanadis.vap.utils.HttpUtils - visitGet:http://blog.csdn.net/vanadis_outlook/article/details/68485949 400
INFO pool-15-thread-53 com.vanadis.vap.utils.HttpUtils - visitGet:http://blog.csdn.net/vanadis_outlook/article/details/71106563 500
INFO pool-15-thread-14 com.vanadis.vap.utils.HttpUtils - visitGet:http://blog.csdn.net/vanadis_outlook/article/details/70144841 400
INFO pool-15-thread-6 com.vanadis.vap.utils.HttpUtils - visitGet:http://blog.csdn.net/vanadis_outlook/article/details/72830205 404
INFO pool-15-thread-20 com.vanadis.vap.utils.HttpUtils - visitGet:http://blog.csdn.net/vanadis_outlook/article/details/70670699 500
INFO pool-15-thread-11 com.vanadis.vap.utils.HttpUtils - visitGet:http://blog.csdn.net/vanadis_outlook/article/details/71515487 200
INFO pool-15-thread-52 com.vanadis.vap.utils.HttpUtils - visitGet:http://blog.csdn.net/vanadis_outlook/article/details/70332257 200
INFO pool-3-thread-1 com.vanadis.vap.utils.HttpUtils - doGet:http://www.89ip.cn/apijk/?&tqsl=300&sxa=&sxb=&tta=&ports=&ktip=&cf=1 200
INFO pool-16-thread-8 com.vanadis.vap.utils.HttpUtils - visitGet:http://blog.csdn.net/vanadis_outlook/article/details/70332257 500
INFO pool-16-thread-10 com.vanadis.vap.utils.HttpUtils - visitGet:http://blog.csdn.net/vanadis_outlook/article/details/72844302 503
INFO pool-16-thread-50 com.vanadis.vap.utils.HttpUtils - visitGet:http://blog.csdn.net/vanadis_outlook/article/details/70332257 500
INFO pool-16-thread-26 com.vanadis.vap.utils.HttpUtils - visitGet:http://blog.csdn.net/vanadis_outlook/article/details/72848008 503
INFO pool-16-thread-12 com.vanadis.vap.utils.HttpUtils - visitGet:http://blog.csdn.net/vanadis_outlook/article/details/70172029 400
INFO pool-16-thread-54 com.vanadis.vap.utils.HttpUtils - visitGet:http://blog.csdn.net/vanadis_outlook/article/details/68926324 500
INFO pool-16-thread-6 com.vanadis.vap.utils.HttpUtils - visitGet:http://blog.csdn.net/vanadis_outlook/article/details/72844302 404
INFO pool-16-thread-25 com.vanadis.vap.utils.HttpUtils - visitGet:http://blog.csdn.net/vanadis_outlook/article/details/71440510 200
INFO pool-3-thread-1 com.vanadis.vap.utils.HttpUtils - doGet:https://blog.csdn.net/vanadis_outlook 200
INFO pool-3-thread-1 com.vanadis.vap.utils.HttpUtils - doGet:https://blog.csdn.net/vanadis_outlook/article/list/2 200
INFO pool-3-thread-1 com.vanadis.vap.utils.HttpUtils - doGet:http://www.89ip.cn/apijk/?&tqsl=300&sxa=&sxb=&tta=&ports=&ktip=&cf=1 200
INFO pool-17-thread-8 com.vanadis.vap.utils.HttpUtils - visitGet:http://blog.csdn.net/vanadis_outlook/article/details/70313045 400
INFO pool-17-thread-23 com.vanadis.vap.utils.HttpUtils - visitGet:http://blog.csdn.net/Vanadis_outlook/article/details/79793961 400
INFO pool-17-thread-28 com.vanadis.vap.utils.HttpUtils - visitGet:http://blog.csdn.net/vanadis_outlook/article/details/70332257 503
INFO pool-17-thread-12 com.vanadis.vap.utils.HttpUtils - visitGet:http://blog.csdn.net/vanadis_outlook/article/details/70158834 400
INFO pool-17-thread-1 com.vanadis.vap.utils.HttpUtils - visitGet:http://blog.csdn.net/vanadis_outlook/article/details/72851739 400
INFO pool-17-thread-6 com.vanadis.vap.utils.HttpUtils - visitGet:http://blog.csdn.net/vanadis_outlook/article/details/72844302 503
INFO pool-17-thread-17 com.vanadis.vap.utils.HttpUtils - visitGet:http://blog.csdn.net/vanadis_outlook/article/details/70670699 200
INFO pool-17-thread-5 com.vanadis.vap.utils.HttpUtils - visitGet:http://blog.csdn.net/vanadis_outlook/article/details/70670699 514
