#
# There is insufficient memory for the Java Runtime Environment to continue.
# Native memory allocation (malloc) failed to allocate 1048576 bytes for AllocateHeap
# Possible reasons:
#   The system is out of physical RAM or swap space
#   In 32 bit mode, the process size limit was hit
# Possible solutions:
#   Reduce memory load on the system
#   Increase physical memory or swap space
#   Check if swap backing store is full
#   Use 64 bit Java on a 64 bit OS
#   Decrease Java heap size (-Xmx/-Xms)
#   Decrease number of Java threads
#   Decrease Java thread stack sizes (-Xss)
#   Set larger code cache with -XX:ReservedCodeCacheSize=
# This output file may be truncated or incomplete.
#
#  Out of Memory Error (memory/allocation.inline.hpp:61), pid=20076, tid=0x00000000000052bc
#
# JRE version:  (8.0_152-b12) (build )
# Java VM: OpenJDK 64-Bit Server VM (25.152-b12 mixed mode windows-amd64 compressed oops)
# Failed to write core dump. Minidumps are not enabled by default on client versions of Windows
#

---------------  T H R E A D  ---------------

Current thread (0x000000000540e000):  JavaThread "Unknown thread" [_thread_in_vm, id=21180, stack(0x0000000005410000,0x0000000005510000)]

Stack: [0x0000000005410000,0x0000000005510000]
[error occurred during error reporting (printing stack bounds), id 0xc0000005]

Native frames: (J=compiled Java code, j=interpreted, Vv=VM code, C=native code)


---------------  P R O C E S S  ---------------

Java Threads: ( => current thread )

Other Threads:

=>0x000000000540e000 (exited) JavaThread "Unknown thread" [_thread_in_vm, id=21180, stack(0x0000000005410000,0x0000000005510000)]

VM state:not at safepoint (normal execution)

VM Mutex/Monitor currently owned by a thread: None

Heap:
 PSYoungGen      total 38400K, used 665K [0x00000000d5c00000, 0x00000000d8680000, 0x0000000100000000)
  eden space 33280K, 2% used [0x00000000d5c00000,0x00000000d5ca6670,0x00000000d7c80000)
  from space 5120K, 0% used [0x00000000d8180000,0x00000000d8180000,0x00000000d8680000)
  to   space 5120K, 0% used [0x00000000d7c80000,0x00000000d7c80000,0x00000000d8180000)
 ParOldGen       total 87552K, used 0K [0x0000000081400000, 0x0000000086980000, 0x00000000d5c00000)
  object space 87552K, 0% used [0x0000000081400000,0x0000000081400000,0x0000000086980000)
 Metaspace       used 772K, capacity 4480K, committed 4480K, reserved 1056768K
  class space    used 73K, capacity 384K, committed 384K, reserved 1048576K

Card table byte_map: [0x00000000149d0000,0x0000000014dd0000] byte_map_base: 0x00000000145c6000

Marking Bits: (ParMarkBitMap*) 0x0000000071493950
 Begin Bits: [0x0000000015d80000, 0x0000000017d30000)
 End Bits:   [0x0000000017d30000, 0x0000000019ce0000)

Polling page: 0x0000000003230000

CodeCache: size=245760Kb used=328Kb max_used=328Kb free=245431Kb
 bounds [0x0000000005610000, 0x0000000005880000, 0x0000000014610000]
 total_blobs=57 nmethods=0 adapters=38
 compilation: enabled

Compilation events (0 events):
No events

GC Heap History (0 events):
No events

Deoptimization events (0 events):
No events

Classes redefined (0 events):
No events

Internal exceptions (0 events):
No events

Events (10 events):
Event: 0.032 loading class java/lang/Short
Event: 0.032 loading class java/lang/Short done
Event: 0.032 loading class java/lang/Integer
Event: 0.032 loading class java/lang/Integer done
Event: 0.032 loading class java/lang/Long
Event: 0.033 loading class java/lang/Long done
Event: 0.033 loading class java/lang/NullPointerException
Event: 0.033 loading class java/lang/NullPointerException done
Event: 0.033 loading class java/lang/ArithmeticException
Event: 0.033 loading class java/lang/ArithmeticException done


Dynamic libraries:
0x00007ff76b910000 - 0x00007ff76b941000 	D:\Program Files\JetBrains\IntelliJ IDEA 2017.2.6\jre64\bin\java.exe
0x00007ff8a77f0000 - 0x00007ff8a79d0000 	C:\WINDOWS\SYSTEM32\ntdll.dll
0x00007ff8a7240000 - 0x00007ff8a72ee000 	C:\WINDOWS\System32\KERNEL32.DLL
0x00007ff8a3f60000 - 0x00007ff8a41c6000 	C:\WINDOWS\System32\KERNELBASE.dll
0x00007ff8a5710000 - 0x00007ff8a57b1000 	C:\WINDOWS\System32\ADVAPI32.dll
0x00007ff8a53d0000 - 0x00007ff8a546d000 	C:\WINDOWS\System32\msvcrt.dll
0x00007ff8a7510000 - 0x00007ff8a756b000 	C:\WINDOWS\System32\sechost.dll
0x00007ff8a6d00000 - 0x00007ff8a6e1f000 	C:\WINDOWS\System32\RPCRT4.dll
0x00007ff8a7380000 - 0x00007ff8a750f000 	C:\WINDOWS\System32\USER32.dll
0x00007ff8a43f0000 - 0x00007ff8a4410000 	C:\WINDOWS\System32\win32u.dll
0x00007ff8a72f0000 - 0x00007ff8a7318000 	C:\WINDOWS\System32\GDI32.dll
0x00007ff8a3dc0000 - 0x00007ff8a3f53000 	C:\WINDOWS\System32\gdi32full.dll
0x00007ff8a42a0000 - 0x00007ff8a433b000 	C:\WINDOWS\System32\msvcp_win.dll
0x00007ff8a4470000 - 0x00007ff8a4566000 	C:\WINDOWS\System32\ucrtbase.dll
0x00007ff88f1b0000 - 0x00007ff88f419000 	C:\WINDOWS\WinSxS\amd64_microsoft.windows.common-controls_6595b64144ccf1df_6.0.16299.192_none_15c8cdae9364c23b\COMCTL32.dll
0x00007ff8a6e20000 - 0x00007ff8a7128000 	C:\WINDOWS\System32\combase.dll
0x00007ff8a4220000 - 0x00007ff8a4292000 	C:\WINDOWS\System32\bcryptPrimitives.dll
0x00007ff8a4e60000 - 0x00007ff8a4e8d000 	C:\WINDOWS\System32\IMM32.DLL
0x0000000070bf0000 - 0x0000000070cc2000 	D:\Program Files\JetBrains\IntelliJ IDEA 2017.2.6\jre64\bin\msvcr100.dll
0x0000000070cd0000 - 0x000000007150e000 	D:\Program Files\JetBrains\IntelliJ IDEA 2017.2.6\jre64\bin\server\jvm.dll
0x00007ff8a7570000 - 0x00007ff8a7578000 	C:\WINDOWS\System32\PSAPI.DLL
0x00007ff899a80000 - 0x00007ff899a89000 	C:\WINDOWS\SYSTEM32\WSOCK32.dll
0x00007ff898d20000 - 0x00007ff898d43000 	C:\WINDOWS\SYSTEM32\WINMM.dll
0x00007ff89f9b0000 - 0x00007ff89f9ba000 	C:\WINDOWS\SYSTEM32\VERSION.dll
0x00007ff8a5360000 - 0x00007ff8a53cc000 	C:\WINDOWS\System32\WS2_32.dll
0x00007ff8986f0000 - 0x00007ff89871a000 	C:\WINDOWS\SYSTEM32\winmmbase.dll
0x00007ff8a41d0000 - 0x00007ff8a421a000 	C:\WINDOWS\System32\cfgmgr32.dll
0x00007ff89fc60000 - 0x00007ff89fc6f000 	D:\Program Files\JetBrains\IntelliJ IDEA 2017.2.6\jre64\bin\verify.dll
0x00007ff89e8b0000 - 0x00007ff89e8d9000 	D:\Program Files\JetBrains\IntelliJ IDEA 2017.2.6\jre64\bin\java.dll
0x00007ff89e890000 - 0x00007ff89e8a6000 	D:\Program Files\JetBrains\IntelliJ IDEA 2017.2.6\jre64\bin\zip.dll

VM Arguments:
java_command: org.jetbrains.git4idea.http.GitAskPassApp Username for 'https://github.com': 
java_class_path (initial): D:/Program Files/JetBrains/IntelliJ IDEA 2017.2.6/plugins/git4idea/lib/git4idea-rt.jar;D:/Program Files/JetBrains/IntelliJ IDEA 2017.2.6/lib/xmlrpc-2.0.jar;D:/Program Files/JetBrains/IntelliJ IDEA 2017.2.6/lib/commons-codec-1.9.jar;D:/Program Files/JetBrains/IntelliJ IDEA 2017.2.6/lib/util.jar
Launcher Type: SUN_STANDARD

Environment Variables:
JAVA_HOME=C:\Program Files\Java\jdk1.6.0_45
CLASSPATH=C:\Program Files\Java\jdk1.6.0_45\lib\dt.jar;C:\Program Files\Java\jdk1.6.0_45\lib\tools.jar
PATH=C:\Program Files (x86)\Git/libexec/git-core;C:\Program Files (x86)\Git\bin;C:\Program Files (x86)\Git\bin;C:\Program Files (x86)\Git\mingw\bin;D:\Python27\;D:\Python27\Scripts;C:\ProgramData\Oracle\Java\javapath;C:\windows\system32;C:\windows;C:\windows\System32\Wbem;C:\windows\System32\WindowsPowerShell\v1.0\;C:\Program Files (x86)\NVIDIA Corporation\PhysX\Common;D:\play;D:\mysql-5.1.45-winx64\bin;C:\Program Files\MySQL\MySQL Utilities 1.6\;C:\WINDOWS\system32;C:\WINDOWS;C:\WINDOWS\System32\Wbem;C:\WINDOWS\System32\WindowsPowerShell\v1.0\;d:\Program Files (x86)\Tesseract-OCR;C:\Users\Administrator\AppData\Local\Microsoft\WindowsApps;;C:\Users\Administrator\AppData\Local\Programs\Fiddler;%USERPROFILE%\AppData\Local\Microsoft\WindowsApps
USERNAME=Administrator
OS=Windows_NT
PROCESSOR_IDENTIFIER=Intel64 Family 6 Model 45 Stepping 7, GenuineIntel



---------------  S Y S T E M  ---------------

OS: Windows 10.0 , 64 bit Build 16299 (10.0.16299.15)

CPU:total 16 (initial active 16) (8 cores per cpu, 2 threads per core) family 6 model 45 stepping 7, cmov, cx8, fxsr, mmx, sse, sse2, sse3, ssse3, sse4.1, sse4.2, popcnt, avx, aes, clmul, ht, tsc, tscinvbit, tscinv

Memory: 4k page, physical 8302900k(1281612k free), swap 16167600k(4940k free)

vm_info: OpenJDK 64-Bit Server VM (25.152-b12) for windows-amd64 JRE (1.8.0_152-release-915-b12), built on Aug 30 2017 16:24:18 by "builduser" with MS VC++ 10.0 (VS2010)

time: Fri Feb 02 22:00:31 2018
elapsed time: 0 seconds (0d 0h 0m 0s)

