#
# There is insufficient memory for the Java Runtime Environment to continue.
# Native memory allocation (malloc) failed to allocate 1048576 bytes for AllocateHeap
# Possible reasons:
#   The system is out of physical RAM or swap space
#   In 32 bit mode, the process size limit was hit
# Possible solutions:
#   Reduce memory load on the system
#   Increase physical memory or swap space
#   Check if swap backing store is full
#   Use 64 bit Java on a 64 bit OS
#   Decrease Java heap size (-Xmx/-Xms)
#   Decrease number of Java threads
#   Decrease Java thread stack sizes (-Xss)
#   Set larger code cache with -XX:ReservedCodeCacheSize=
# This output file may be truncated or incomplete.
#
#  Out of Memory Error (memory/allocation.inline.hpp:61), pid=2796, tid=0x000000000000440c
#
# JRE version:  (8.0_151-b12) (build )
# Java VM: Java HotSpot(TM) 64-Bit Server VM (25.151-b12 mixed mode windows-amd64 compressed oops)
# Failed to write core dump. Minidumps are not enabled by default on client versions of Windows
#

---------------  T H R E A D  ---------------

Current thread (0x0000000004f77000):  JavaThread "Unknown thread" [_thread_in_vm, id=17420, stack(0x0000000004e60000,0x0000000004f60000)]

Stack: [0x0000000004e60000,0x0000000004f60000]
[error occurred during error reporting (printing stack bounds), id 0xc0000005]

Native frames: (J=compiled Java code, j=interpreted, Vv=VM code, C=native code)


---------------  P R O C E S S  ---------------

Java Threads: ( => current thread )

Other Threads:

=>0x0000000004f77000 (exited) JavaThread "Unknown thread" [_thread_in_vm, id=17420, stack(0x0000000004e60000,0x0000000004f60000)]

VM state:not at safepoint (normal execution)

VM Mutex/Monitor currently owned by a thread: None

Heap:
 PSYoungGen      total 38400K, used 665K [0x00000000d5c00000, 0x00000000d8680000, 0x0000000100000000)
  eden space 33280K, 2% used [0x00000000d5c00000,0x00000000d5ca6670,0x00000000d7c80000)
  from space 5120K, 0% used [0x00000000d8180000,0x00000000d8180000,0x00000000d8680000)
  to   space 5120K, 0% used [0x00000000d7c80000,0x00000000d7c80000,0x00000000d8180000)
 ParOldGen       total 87552K, used 0K [0x0000000081400000, 0x0000000086980000, 0x00000000d5c00000)
  object space 87552K, 0% used [0x0000000081400000,0x0000000081400000,0x0000000086980000)
 Metaspace       used 781K, capacity 4480K, committed 4480K, reserved 1056768K
  class space    used 75K, capacity 384K, committed 384K, reserved 1048576K

Card table byte_map: [0x0000000014430000,0x0000000014830000] byte_map_base: 0x0000000014026000

Marking Bits: (ParMarkBitMap*) 0x000000007519d850
 Begin Bits: [0x00000000157e0000, 0x0000000017790000)
 End Bits:   [0x0000000017790000, 0x0000000019740000)

Polling page: 0x0000000002b10000

CodeCache: size=245760Kb used=328Kb max_used=328Kb free=245431Kb
 bounds [0x0000000005070000, 0x00000000052e0000, 0x0000000014070000]
 total_blobs=58 nmethods=0 adapters=38
 compilation: enabled

Compilation events (0 events):
No events

GC Heap History (0 events):
No events

Deoptimization events (0 events):
No events

Internal exceptions (0 events):
No events

Events (10 events):
Event: 0.039 loading class java/lang/Short
Event: 0.039 loading class java/lang/Short done
Event: 0.039 loading class java/lang/Integer
Event: 0.040 loading class java/lang/Integer done
Event: 0.040 loading class java/lang/Long
Event: 0.040 loading class java/lang/Long done
Event: 0.040 loading class java/lang/NullPointerException
Event: 0.041 loading class java/lang/NullPointerException done
Event: 0.041 loading class java/lang/ArithmeticException
Event: 0.041 loading class java/lang/ArithmeticException done


Dynamic libraries:
0x00007ff600300000 - 0x00007ff600337000 	C:\Program Files\Java\jdk1.8.0_151\bin\java.exe
0x00007ffe70ec0000 - 0x00007ffe710a0000 	C:\WINDOWS\SYSTEM32\ntdll.dll
0x00007ffe705a0000 - 0x00007ffe7064e000 	C:\WINDOWS\System32\KERNEL32.DLL
0x00007ffe6d370000 - 0x00007ffe6d5d6000 	C:\WINDOWS\System32\KERNELBASE.dll
0x00007ffe708c0000 - 0x00007ffe70961000 	C:\WINDOWS\System32\ADVAPI32.dll
0x00007ffe70b90000 - 0x00007ffe70c2d000 	C:\WINDOWS\System32\msvcrt.dll
0x00007ffe6ffb0000 - 0x00007ffe7000b000 	C:\WINDOWS\System32\sechost.dll
0x00007ffe70420000 - 0x00007ffe7053f000 	C:\WINDOWS\System32\RPCRT4.dll
0x00007ffe70720000 - 0x00007ffe708af000 	C:\WINDOWS\System32\USER32.dll
0x00007ffe6d730000 - 0x00007ffe6d750000 	C:\WINDOWS\System32\win32u.dll
0x00007ffe709f0000 - 0x00007ffe70a18000 	C:\WINDOWS\System32\GDI32.dll
0x00007ffe6e1f0000 - 0x00007ffe6e383000 	C:\WINDOWS\System32\gdi32full.dll
0x00007ffe6dea0000 - 0x00007ffe6df3b000 	C:\WINDOWS\System32\msvcp_win.dll
0x00007ffe6d630000 - 0x00007ffe6d726000 	C:\WINDOWS\System32\ucrtbase.dll
0x00007ffe64270000 - 0x00007ffe644d9000 	C:\WINDOWS\WinSxS\amd64_microsoft.windows.common-controls_6595b64144ccf1df_6.0.16299.248_none_15ced204935f55d7\COMCTL32.dll
0x00007ffe6e3a0000 - 0x00007ffe6e6a8000 	C:\WINDOWS\System32\combase.dll
0x00007ffe6df40000 - 0x00007ffe6dfb2000 	C:\WINDOWS\System32\bcryptPrimitives.dll
0x00007ffe70360000 - 0x00007ffe7038d000 	C:\WINDOWS\System32\IMM32.DLL
0x0000000075f00000 - 0x0000000075fd2000 	C:\Program Files\Java\jdk1.8.0_151\jre\bin\msvcr100.dll
0x0000000074980000 - 0x000000007521d000 	C:\Program Files\Java\jdk1.8.0_151\jre\bin\server\jvm.dll
0x00007ffe703f0000 - 0x00007ffe703f8000 	C:\WINDOWS\System32\PSAPI.DLL
0x00007ffe68270000 - 0x00007ffe6827a000 	C:\WINDOWS\SYSTEM32\VERSION.dll
0x00007ffe5da50000 - 0x00007ffe5da59000 	C:\WINDOWS\SYSTEM32\WSOCK32.dll
0x00007ffe6b100000 - 0x00007ffe6b123000 	C:\WINDOWS\SYSTEM32\WINMM.dll
0x00007ffe6e6b0000 - 0x00007ffe6e71c000 	C:\WINDOWS\System32\WS2_32.dll
0x00007ffe6b0a0000 - 0x00007ffe6b0ca000 	C:\WINDOWS\SYSTEM32\winmmbase.dll
0x00007ffe6d5e0000 - 0x00007ffe6d62a000 	C:\WINDOWS\System32\cfgmgr32.dll
0x0000000075ef0000 - 0x0000000075eff000 	C:\Program Files\Java\jdk1.8.0_151\jre\bin\verify.dll
0x0000000075ec0000 - 0x0000000075ee9000 	C:\Program Files\Java\jdk1.8.0_151\jre\bin\java.dll
0x0000000075e80000 - 0x0000000075eb5000 	C:\Program Files\Java\jdk1.8.0_151\jre\bin\jdwp.dll
0x0000000075e40000 - 0x0000000075e48000 	C:\Program Files\Java\jdk1.8.0_151\jre\bin\npt.dll
0x0000000075e20000 - 0x0000000075e36000 	C:\Program Files\Java\jdk1.8.0_151\jre\bin\zip.dll

VM Arguments:
jvm_args: -agentlib:jdwp=transport=dt_socket,address=127.0.0.1:51211,suspend=y,server=n -XX:TieredStopAtLevel=1 -Xverify:none -Dspring.output.ansi.enabled=always -Dcom.sun.management.jmxremote -Dcom.sun.management.jmxremote.port=51210 -Dcom.sun.management.jmxremote.authenticate=false -Dcom.sun.management.jmxremote.ssl=false -Dspring.liveBeansView.mbeanDomain -Dspring.application.admin.enabled=true -Dfile.encoding=UTF-8 
java_command: com.vanadis.vap.VapApplication
java_class_path (initial): C:\Program Files\Java\jdk1.8.0_151\jre\lib\charsets.jar;C:\Program Files\Java\jdk1.8.0_151\jre\lib\deploy.jar;C:\Program Files\Java\jdk1.8.0_151\jre\lib\ext\access-bridge-64.jar;C:\Program Files\Java\jdk1.8.0_151\jre\lib\ext\cldrdata.jar;C:\Program Files\Java\jdk1.8.0_151\jre\lib\ext\dnsns.jar;C:\Program Files\Java\jdk1.8.0_151\jre\lib\ext\jaccess.jar;C:\Program Files\Java\jdk1.8.0_151\jre\lib\ext\jfxrt.jar;C:\Program Files\Java\jdk1.8.0_151\jre\lib\ext\localedata.jar;C:\Program Files\Java\jdk1.8.0_151\jre\lib\ext\nashorn.jar;C:\Program Files\Java\jdk1.8.0_151\jre\lib\ext\sunec.jar;C:\Program Files\Java\jdk1.8.0_151\jre\lib\ext\sunjce_provider.jar;C:\Program Files\Java\jdk1.8.0_151\jre\lib\ext\sunmscapi.jar;C:\Program Files\Java\jdk1.8.0_151\jre\lib\ext\sunpkcs11.jar;C:\Program Files\Java\jdk1.8.0_151\jre\lib\ext\zipfs.jar;C:\Program Files\Java\jdk1.8.0_151\jre\lib\javaws.jar;C:\Program Files\Java\jdk1.8.0_151\jre\lib\jce.jar;C:\Program Files\Java\jdk1.8.0_151\jre\lib\jfr.jar;C:\Program Files\Java\jdk1.8.0_151\jre\lib\jfxswt.jar;C:\Program Files\Java\jdk1.8.0_151\jre\lib\jsse.jar;C:\Program Files\Java\jdk1.8.0_151\jre\lib\management-agent.jar;C:\Program Files\Java\jdk1.8.0_151\jre\lib\plugin.jar;C:\Program Files\Java\jdk1.8.0_151\jre\lib\resources.jar;C:\Program Files\Java\jdk1.8.0_151\jre\lib\rt.jar;D:\vanadis_code\vap\target\classes;C:\Users\Administrator\.m2\repository\org\springframework\spring-core\4.3.13.RELEASE\spring-core-4.3.13.RELEASE.jar;C:\Users\Administrator\.m2\repository\org\springframework\boot\spring-boot-starter-thymeleaf\1.5.9.RELEASE\spring-boot-starter-thymeleaf-1.5.9.RELEASE.jar;C:\Users\Administrator\.m2\repository\org\springframework\boot\spring-boot-starter\1.5.9.RELEASE\spring-boot-starter-1.5.9.RELEASE.jar;C:\Users\Administrator\.m2\repository\org\springframework\boot\spring-boot-starter-logging\1.5.9.RELEASE\spring-boot-starter-logging-1.5.9.RELEASE.jar;C:\Users\Administrator\.m2\repository\ch\qos\logback\logb
Launcher Type: SUN_STANDARD

Environment Variables:
JAVA_HOME=C:\Program Files\Java\jdk1.6.0_45
CLASSPATH=C:\Program Files\Java\jdk1.6.0_45\lib\dt.jar;C:\Program Files\Java\jdk1.6.0_45\lib\tools.jar
PATH=D:\Python27\;D:\Python27\Scripts;C:\ProgramData\Oracle\Java\javapath;C:\windows\system32;C:\windows;C:\windows\System32\Wbem;C:\windows\System32\WindowsPowerShell\v1.0\;C:\Program Files (x86)\NVIDIA Corporation\PhysX\Common;D:\play;D:\mysql-5.1.45-winx64\bin;C:\Program Files\MySQL\MySQL Utilities 1.6\;C:\WINDOWS\system32;C:\WINDOWS;C:\WINDOWS\System32\Wbem;C:\WINDOWS\System32\WindowsPowerShell\v1.0\;d:\Program Files (x86)\Tesseract-OCR;C:\Users\Administrator\AppData\Local\Microsoft\WindowsApps;;C:\Users\Administrator\AppData\Local\Programs\Fiddler;%USERPROFILE%\AppData\Local\Microsoft\WindowsApps
USERNAME=Administrator
OS=Windows_NT
PROCESSOR_IDENTIFIER=Intel64 Family 6 Model 45 Stepping 7, GenuineIntel



---------------  S Y S T E M  ---------------

OS: Windows 10.0 , 64 bit Build 16299 (10.0.16299.15)

CPU:total 16 (initial active 16) (8 cores per cpu, 2 threads per core) family 6 model 45 stepping 7, cmov, cx8, fxsr, mmx, sse, sse2, sse3, ssse3, sse4.1, sse4.2, popcnt, avx, aes, clmul, ht, tsc, tscinvbit, tscinv

Memory: 4k page, physical 8302900k(743424k free), swap 16167600k(2908k free)

vm_info: Java HotSpot(TM) 64-Bit Server VM (25.151-b12) for windows-amd64 JRE (1.8.0_151-b12), built on Sep  5 2017 19:33:46 by "java_re" with MS VC++ 10.0 (VS2010)

time: Wed Mar 14 14:35:34 2018
elapsed time: 0 seconds (0d 0h 0m 0s)

