#
# There is insufficient memory for the Java Runtime Environment to continue.
# Native memory allocation (malloc) failed to allocate 32744 bytes for ChunkPool::allocate
# Possible reasons:
#   The system is out of physical RAM or swap space
#   In 32 bit mode, the process size limit was hit
# Possible solutions:
#   Reduce memory load on the system
#   Increase physical memory or swap space
#   Check if swap backing store is full
#   Use 64 bit Java on a 64 bit OS
#   Decrease Java heap size (-Xmx/-Xms)
#   Decrease number of Java threads
#   Decrease Java thread stack sizes (-Xss)
#   Set larger code cache with -XX:ReservedCodeCacheSize=
# This output file may be truncated or incomplete.
#
#  Out of Memory Error (allocation.cpp:273), pid=5940, tid=0x00000000000058a8
#
# JRE version: Java(TM) SE Runtime Environment (8.0_151-b12) (build 1.8.0_151-b12)
# Java VM: Java HotSpot(TM) 64-Bit Server VM (25.151-b12 mixed mode windows-amd64 compressed oops)
# Failed to write core dump. Minidumps are not enabled by default on client versions of Windows
#

---------------  T H R E A D  ---------------

Current thread (0x000000001b8a4000):  VMThread [stack: 0x000000001cf20000,0x000000001d020000] [id=22696]

Stack: [0x000000001cf20000,0x000000001d020000]
[error occurred during error reporting (printing stack bounds), id 0xc0000005]

Native frames: (J=compiled Java code, j=interpreted, Vv=VM code, C=native code)

VM_Operation (0x000000001d21ea00): BulkRevokeBias, mode: safepoint, requested by thread 0x000000001b8c6800


---------------  P R O C E S S  ---------------

Java Threads: ( => current thread )
  0x0000000026b84000 JavaThread "pool-40-thread-13" [_thread_in_native, id=6996, stack(0x0000000056300000,0x0000000056400000)]
  0x0000000026b83000 JavaThread "pool-40-thread-12" [_thread_in_native, id=21276, stack(0x0000000056200000,0x0000000056300000)]
  0x0000000026b87000 JavaThread "pool-40-thread-11" [_thread_in_native, id=16252, stack(0x0000000056100000,0x0000000056200000)]
  0x0000000026b86000 JavaThread "pool-40-thread-10" [_thread_in_native, id=19812, stack(0x0000000056000000,0x0000000056100000)]
  0x0000000026b80000 JavaThread "pool-40-thread-9" [_thread_blocked, id=6980, stack(0x0000000055f00000,0x0000000056000000)]
  0x0000000026b7a000 JavaThread "pool-40-thread-8" [_thread_in_native, id=21092, stack(0x0000000055e00000,0x0000000055f00000)]
  0x0000000026b78800 JavaThread "pool-40-thread-7" [_thread_in_native, id=8540, stack(0x0000000055d00000,0x0000000055e00000)]
  0x0000000026b7b800 JavaThread "pool-40-thread-6" [_thread_in_native, id=21284, stack(0x0000000055c00000,0x0000000055d00000)]
  0x0000000026b7d000 JavaThread "pool-40-thread-5" [_thread_in_native, id=2040, stack(0x0000000055b00000,0x0000000055c00000)]
  0x0000000026b7b000 JavaThread "pool-40-thread-4" [_thread_in_native, id=21988, stack(0x0000000055a00000,0x0000000055b00000)]
  0x0000000026b7e800 JavaThread "pool-40-thread-3" [_thread_in_native, id=9340, stack(0x0000000055900000,0x0000000055a00000)]
  0x00000000228a2000 JavaThread "pool-40-thread-2" [_thread_in_native, id=9524, stack(0x0000000055800000,0x0000000055900000)]
  0x000000002289a800 JavaThread "pool-40-thread-1" [_thread_in_native, id=17336, stack(0x0000000055700000,0x0000000055800000)]
  0x000000002289e800 JavaThread "pool-39-thread-178" [_thread_in_native, id=9836, stack(0x0000000055400000,0x0000000055500000)]
  0x00000000228a1800 JavaThread "pool-39-thread-177" [_thread_in_native, id=22720, stack(0x0000000055300000,0x0000000055400000)]
  0x00000000228a0000 JavaThread "pool-38-thread-184" [_thread_in_native, id=21164, stack(0x0000000055200000,0x0000000055300000)]
  0x0000000022899000 JavaThread "pool-38-thread-183" [_thread_in_native, id=21500, stack(0x0000000055100000,0x0000000055200000)]
  0x000000002289b800 JavaThread "pool-39-thread-176" [_thread_in_native, id=5304, stack(0x0000000055000000,0x0000000055100000)]
  0x000000002289d800 JavaThread "pool-38-thread-182" [_thread_blocked, id=13668, stack(0x0000000054f00000,0x0000000055000000)]
  0x00000000225b7000 JavaThread "pool-38-thread-181" [_thread_in_native, id=15104, stack(0x0000000054e00000,0x0000000054f00000)]
  0x00000000225b6000 JavaThread "pool-38-thread-180" [_thread_in_native, id=3700, stack(0x0000000054d00000,0x0000000054e00000)]
  0x00000000225b9000 JavaThread "pool-38-thread-179" [_thread_in_native, id=23228, stack(0x0000000054c00000,0x0000000054d00000)]
  0x00000000225b8800 JavaThread "pool-39-thread-175" [_thread_in_native, id=932, stack(0x0000000054b00000,0x0000000054c00000)]
  0x00000000225b5800 JavaThread "pool-39-thread-174" [_thread_in_native, id=16556, stack(0x0000000054a00000,0x0000000054b00000)]
  0x00000000225ba000 JavaThread "pool-39-thread-173" [_thread_in_native, id=10472, stack(0x0000000054900000,0x0000000054a00000)]
  0x00000000225ae000 JavaThread "pool-38-thread-178" [_thread_in_native, id=23232, stack(0x0000000054800000,0x0000000054900000)]
  0x00000000225ac800 JavaThread "pool-39-thread-172" [_thread_in_native, id=20268, stack(0x0000000054700000,0x0000000054800000)]
  0x00000000225b3000 JavaThread "pool-38-thread-177" [_thread_in_native, id=3608, stack(0x0000000054600000,0x0000000054700000)]
  0x00000000225b1000 JavaThread "pool-39-thread-171" [_thread_in_native, id=12244, stack(0x0000000054500000,0x0000000054600000)]
  0x00000000225b2800 JavaThread "pool-39-thread-170" [_thread_in_native, id=14128, stack(0x0000000054400000,0x0000000054500000)]
  0x00000000225ab800 JavaThread "pool-39-thread-169" [_thread_in_native, id=9800, stack(0x0000000054300000,0x0000000054400000)]
  0x00000000225ae800 JavaThread "pool-38-thread-176" [_thread_blocked, id=8056, stack(0x0000000054200000,0x0000000054300000)]
  0x0000000022be0800 JavaThread "pool-39-thread-168" [_thread_in_native, id=10268, stack(0x0000000054100000,0x0000000054200000)]
  0x0000000022be3800 JavaThread "pool-39-thread-167" [_thread_in_native, id=18732, stack(0x0000000054000000,0x0000000054100000)]
  0x0000000022bdf000 JavaThread "pool-39-thread-166" [_thread_blocked, id=17124, stack(0x0000000053f00000,0x0000000054000000)]
  0x0000000022be4800 JavaThread "pool-39-thread-165" [_thread_in_native, id=9732, stack(0x0000000053e00000,0x0000000053f00000)]
  0x0000000022be3000 JavaThread "pool-39-thread-164" [_thread_in_native, id=16732, stack(0x0000000053d00000,0x0000000053e00000)]
  0x0000000022be2000 JavaThread "pool-39-thread-163" [_thread_in_native, id=9348, stack(0x0000000053c00000,0x0000000053d00000)]
  0x0000000022bdd000 JavaThread "pool-39-thread-162" [_thread_in_native, id=11156, stack(0x0000000053b00000,0x0000000053c00000)]
  0x0000000022bdd800 JavaThread "pool-39-thread-161" [_thread_in_native, id=15860, stack(0x0000000053a00000,0x0000000053b00000)]
  0x0000000022bd5800 JavaThread "pool-39-thread-160" [_thread_in_native, id=20200, stack(0x0000000053900000,0x0000000053a00000)]
  0x0000000022bdc000 JavaThread "pool-39-thread-159" [_thread_in_native, id=10628, stack(0x0000000053800000,0x0000000053900000)]
  0x0000000022bda800 JavaThread "pool-39-thread-158" [_thread_in_native, id=2544, stack(0x0000000053700000,0x0000000053800000)]
  0x0000000022bd9000 JavaThread "pool-39-thread-157" [_thread_in_native, id=10168, stack(0x0000000053600000,0x0000000053700000)]
  0x0000000022bd6000 JavaThread "pool-39-thread-156" [_thread_in_native, id=1136, stack(0x0000000053500000,0x0000000053600000)]
  0x0000000022bd8800 JavaThread "pool-39-thread-155" [_thread_in_native, id=5020, stack(0x0000000053400000,0x0000000053500000)]
  0x0000000022bd7800 JavaThread "pool-39-thread-154" [_thread_in_native, id=17152, stack(0x0000000053300000,0x0000000053400000)]
  0x0000000022bdb800 JavaThread "pool-39-thread-153" [_thread_in_native, id=896, stack(0x0000000053200000,0x0000000053300000)]
  0x0000000022d07000 JavaThread "pool-39-thread-152" [_thread_in_native, id=21720, stack(0x0000000053100000,0x0000000053200000)]
  0x0000000022cff000 JavaThread "pool-39-thread-151" [_thread_in_native, id=20328, stack(0x0000000053000000,0x0000000053100000)]
  0x0000000022cfe800 JavaThread "pool-39-thread-150" [_thread_in_native, id=15632, stack(0x0000000052f00000,0x0000000053000000)]
  0x0000000022d04800 JavaThread "pool-39-thread-149" [_thread_in_native, id=19876, stack(0x0000000052e00000,0x0000000052f00000)]
  0x0000000022d03800 JavaThread "pool-39-thread-148" [_thread_in_native, id=12800, stack(0x0000000052d00000,0x0000000052e00000)]
  0x0000000022cf7000 JavaThread "pool-39-thread-147" [_thread_in_native, id=8584, stack(0x0000000052c00000,0x0000000052d00000)]
  0x0000000022cf7800 JavaThread "pool-39-thread-146" [_thread_in_native, id=3096, stack(0x0000000052b00000,0x0000000052c00000)]
  0x0000000022cfd800 JavaThread "pool-39-thread-145" [_thread_in_native, id=11516, stack(0x0000000052a00000,0x0000000052b00000)]
  0x0000000022cfa800 JavaThread "pool-39-thread-144" [_thread_in_native, id=21972, stack(0x0000000052900000,0x0000000052a00000)]
  0x0000000022cf4800 JavaThread "pool-39-thread-143" [_thread_in_native, id=16780, stack(0x0000000052800000,0x0000000052900000)]
  0x0000000022cf3000 JavaThread "pool-39-thread-142" [_thread_in_native, id=23420, stack(0x0000000052700000,0x0000000052800000)]
  0x0000000022cf4000 JavaThread "pool-39-thread-141" [_thread_in_native, id=18780, stack(0x0000000052600000,0x0000000052700000)]
  0x0000000022ceb800 JavaThread "pool-39-thread-140" [_thread_in_native, id=23216, stack(0x0000000052500000,0x0000000052600000)]
  0x0000000022cea000 JavaThread "pool-39-thread-139" [_thread_in_native, id=12896, stack(0x0000000052400000,0x0000000052500000)]
  0x0000000022cf1000 JavaThread "pool-39-thread-138" [_thread_blocked, id=6000, stack(0x0000000052300000,0x0000000052400000)]
  0x0000000022ced000 JavaThread "pool-39-thread-137" [_thread_in_native, id=19852, stack(0x0000000052200000,0x0000000052300000)]
  0x0000000022b50800 JavaThread "pool-39-thread-136" [_thread_in_native, id=13908, stack(0x0000000052100000,0x0000000052200000)]
  0x0000000022b52000 JavaThread "pool-39-thread-135" [_thread_in_native, id=19412, stack(0x0000000052000000,0x0000000052100000)]
  0x0000000022b4e800 JavaThread "pool-39-thread-133" [_thread_in_native, id=17384, stack(0x0000000051e00000,0x0000000051f00000)]
  0x0000000022b51800 JavaThread "pool-39-thread-132" [_thread_in_native, id=1376, stack(0x0000000051d00000,0x0000000051e00000)]
  0x0000000022b4d800 JavaThread "pool-39-thread-130" [_thread_in_native, id=13388, stack(0x0000000051b00000,0x0000000051c00000)]
  0x0000000022b46000 JavaThread "pool-39-thread-129" [_thread_in_native, id=17496, stack(0x0000000051900000,0x0000000051a00000)]
  0x0000000022b4d000 JavaThread "pool-39-thread-128" [_thread_in_native, id=20920, stack(0x0000000051800000,0x0000000051900000)]
  0x0000000022b4b800 JavaThread "pool-39-thread-127" [_thread_in_native, id=20312, stack(0x0000000051700000,0x0000000051800000)]
  0x0000000022b47000 JavaThread "pool-39-thread-124" [_thread_in_native, id=13424, stack(0x0000000051400000,0x0000000051500000)]
  0x0000000022b45800 JavaThread "pool-39-thread-123" [_thread_in_native, id=5060, stack(0x0000000051300000,0x0000000051400000)]
  0x0000000022b44800 JavaThread "pool-39-thread-122" [_thread_in_native, id=20552, stack(0x0000000051200000,0x0000000051300000)]
  0x0000000022b44000 JavaThread "pool-39-thread-121" [_thread_in_native, id=11448, stack(0x0000000051100000,0x0000000051200000)]
  0x0000000022b48800 JavaThread "pool-39-thread-120" [_thread_in_native, id=4692, stack(0x0000000051000000,0x0000000051100000)]
  0x0000000022b47800 JavaThread "pool-39-thread-119" [_thread_in_native, id=5484, stack(0x0000000050f00000,0x0000000051000000)]
  0x0000000022d4a800 JavaThread "pool-39-thread-118" [_thread_in_native, id=20284, stack(0x0000000050e00000,0x0000000050f00000)]
  0x0000000022d4d800 JavaThread "pool-39-thread-117" [_thread_in_native, id=22384, stack(0x0000000050d00000,0x0000000050e00000)]
  0x0000000022d4c800 JavaThread "pool-39-thread-116" [_thread_in_native, id=15168, stack(0x0000000050b00000,0x0000000050c00000)]
  0x0000000022d49800 JavaThread "pool-39-thread-115" [_thread_in_native, id=11224, stack(0x0000000050a00000,0x0000000050b00000)]
  0x0000000022d48000 JavaThread "pool-39-thread-112" [_thread_in_native, id=17872, stack(0x0000000050700000,0x0000000050800000)]
  0x0000000022d4b000 JavaThread "pool-39-thread-111" [_thread_in_native, id=1948, stack(0x0000000050600000,0x0000000050700000)]
  0x0000000022d46000 JavaThread "pool-39-thread-108" [_thread_in_native, id=21456, stack(0x0000000050300000,0x0000000050400000)]
  0x0000000022d3e000 JavaThread "pool-39-thread-107" [_thread_in_native, id=10296, stack(0x0000000050200000,0x0000000050300000)]
  0x0000000022d44800 JavaThread "pool-39-thread-106" [_thread_in_native, id=16940, stack(0x0000000050100000,0x0000000050200000)]
  0x0000000022d43800 JavaThread "pool-39-thread-105" [_thread_in_native, id=5324, stack(0x0000000050000000,0x0000000050100000)]
  0x0000000022d43000 JavaThread "pool-39-thread-104" [_thread_in_native, id=3708, stack(0x000000004ff00000,0x0000000050000000)]
  0x0000000022d42000 JavaThread "pool-39-thread-103" [_thread_in_native, id=20540, stack(0x000000004fe00000,0x000000004ff00000)]
  0x0000000022d41800 JavaThread "pool-39-thread-102" [_thread_in_native, id=6860, stack(0x000000004fc00000,0x000000004fd00000)]
  0x0000000022d40000 JavaThread "pool-39-thread-101" [_thread_in_native, id=17272, stack(0x000000004fb00000,0x000000004fc00000)]
  0x0000000022d45000 JavaThread "pool-39-thread-100" [_thread_in_native, id=10732, stack(0x000000004fa00000,0x000000004fb00000)]
  0x0000000026ae4000 JavaThread "pool-39-thread-99" [_thread_in_native, id=15808, stack(0x000000004f900000,0x000000004fa00000)]
  0x0000000026ad9800 JavaThread "pool-39-thread-98" [_thread_in_native, id=14592, stack(0x000000004f800000,0x000000004f900000)]
  0x0000000026adc000 JavaThread "pool-39-thread-97" [_thread_in_native, id=4560, stack(0x000000004f700000,0x000000004f800000)]
  0x0000000026ac7800 JavaThread "pool-39-thread-95" [_thread_in_native, id=16632, stack(0x000000004f400000,0x000000004f500000)]
  0x0000000026ace800 JavaThread "pool-39-thread-94" [_thread_in_native, id=16820, stack(0x000000004f300000,0x000000004f400000)]
  0x0000000026ac5800 JavaThread "pool-39-thread-93" [_thread_in_native, id=23192, stack(0x000000004f200000,0x000000004f300000)]
  0x0000000026aca000 JavaThread "pool-39-thread-91" [_thread_in_native, id=7532, stack(0x000000004f000000,0x000000004f100000)]
  0x0000000026abd000 JavaThread "pool-39-thread-90" [_thread_in_native, id=14704, stack(0x000000004ef00000,0x000000004f000000)]
  0x0000000026abc000 JavaThread "pool-39-thread-89" [_thread_in_native, id=14216, stack(0x000000004ee00000,0x000000004ef00000)]
  0x0000000026abf800 JavaThread "pool-39-thread-88" [_thread_in_native, id=15628, stack(0x000000004ed00000,0x000000004ee00000)]
  0x0000000026abb800 JavaThread "pool-39-thread-87" [_thread_in_native, id=19236, stack(0x000000004ec00000,0x000000004ed00000)]
  0x0000000026ac1800 JavaThread "pool-39-thread-86" [_thread_in_native, id=23360, stack(0x000000004eb00000,0x000000004ec00000)]
  0x0000000026abe800 JavaThread "pool-39-thread-85" [_thread_in_native, id=15820, stack(0x000000004ea00000,0x000000004eb00000)]
  0x0000000026ab3000 JavaThread "pool-39-thread-84" [_thread_in_native, id=15720, stack(0x000000004e900000,0x000000004ea00000)]
  0x0000000026ab9000 JavaThread "pool-39-thread-83" [_thread_in_native, id=14908, stack(0x000000004e800000,0x000000004e900000)]
  0x0000000026ab1800 JavaThread "pool-39-thread-82" [_thread_in_native, id=21204, stack(0x000000004e700000,0x000000004e800000)]
  0x0000000026ab7800 JavaThread "pool-39-thread-81" [_thread_in_native, id=9408, stack(0x000000004e600000,0x000000004e700000)]
  0x0000000026ab4000 JavaThread "pool-39-thread-80" [_thread_in_native, id=17364, stack(0x000000004e500000,0x000000004e600000)]
  0x0000000026aa8800 JavaThread "pool-39-thread-78" [_thread_in_native, id=12924, stack(0x000000004e300000,0x000000004e400000)]
  0x0000000026aab000 JavaThread "pool-39-thread-76" [_thread_in_native, id=3368, stack(0x000000004e100000,0x000000004e200000)]
  0x0000000026aab800 JavaThread "pool-39-thread-75" [_thread_in_native, id=20556, stack(0x000000004e000000,0x000000004e100000)]
  0x0000000026ba6000 JavaThread "pool-39-thread-74" [_thread_in_native, id=19016, stack(0x000000004df00000,0x000000004e000000)]
  0x0000000026ba4800 JavaThread "pool-39-thread-73" [_thread_in_native, id=19060, stack(0x000000004de00000,0x000000004df00000)]
  0x0000000026ba2000 JavaThread "pool-39-thread-71" [_thread_in_native, id=11568, stack(0x000000004da00000,0x000000004db00000)]
  0x0000000026ba7800 JavaThread "pool-39-thread-70" [_thread_in_native, id=14544, stack(0x000000004d900000,0x000000004da00000)]
  0x0000000026ba5000 JavaThread "pool-39-thread-69" [_thread_in_native, id=11784, stack(0x000000004d800000,0x000000004d900000)]
  0x0000000026ba0800 JavaThread "pool-39-thread-67" [_thread_in_native, id=20492, stack(0x000000004d600000,0x000000004d700000)]
  0x0000000026b91000 JavaThread "pool-39-thread-66" [_thread_in_native, id=12592, stack(0x000000004d500000,0x000000004d600000)]
  0x0000000026b90000 JavaThread "pool-39-thread-65" [_thread_in_native, id=13484, stack(0x000000004d400000,0x000000004d500000)]
  0x0000000026b97000 JavaThread "pool-39-thread-64" [_thread_in_native, id=2100, stack(0x000000004d300000,0x000000004d400000)]
  0x0000000026b8f800 JavaThread "pool-39-thread-63" [_thread_in_native, id=18280, stack(0x000000004d200000,0x000000004d300000)]
  0x0000000026b95800 JavaThread "pool-39-thread-62" [_thread_in_native, id=23316, stack(0x000000004d100000,0x000000004d200000)]
  0x0000000026b94800 JavaThread "pool-39-thread-61" [_thread_in_native, id=19836, stack(0x000000004d000000,0x000000004d100000)]
  0x0000000026b8d000 JavaThread "pool-39-thread-60" [_thread_in_native, id=20876, stack(0x000000004cf00000,0x000000004d000000)]
  0x0000000026b94000 JavaThread "pool-39-thread-59" [_thread_in_native, id=17692, stack(0x000000004ce00000,0x000000004cf00000)]
  0x0000000026b8c800 JavaThread "pool-39-thread-58" [_thread_in_native, id=11668, stack(0x000000004cd00000,0x000000004ce00000)]
  0x0000000026b88000 JavaThread "pool-39-thread-57" [_thread_in_native, id=2092, stack(0x000000004cc00000,0x000000004cd00000)]
  0x0000000026b8a000 JavaThread "pool-39-thread-56" [_thread_in_native, id=2952, stack(0x000000004bb00000,0x000000004bc00000)]
  0x0000000026b7e000 JavaThread "pool-39-thread-55" [_thread_in_native, id=22424, stack(0x000000004b900000,0x000000004ba00000)]
  0x0000000026b7c800 JavaThread "pool-39-thread-54" [_thread_in_native, id=3800, stack(0x000000004b800000,0x000000004b900000)]
  0x0000000026b82800 JavaThread "pool-39-thread-53" [_thread_in_native, id=8432, stack(0x000000004b700000,0x000000004b800000)]
  0x0000000026b78000 JavaThread "pool-39-thread-52" [_thread_in_native, id=8180, stack(0x000000004b400000,0x000000004b500000)]
  0x0000000026bb1000 JavaThread "pool-39-thread-51" [_thread_in_native, id=14600, stack(0x000000004b200000,0x000000004b300000)]
  0x0000000026bb3800 JavaThread "pool-39-thread-49" [_thread_in_native, id=11084, stack(0x000000004b000000,0x000000004b100000)]
  0x0000000026bb6800 JavaThread "pool-39-thread-48" [_thread_in_native, id=16128, stack(0x000000004af00000,0x000000004b000000)]
  0x0000000026bb7000 JavaThread "pool-39-thread-47" [_thread_in_native, id=2480, stack(0x000000004ae00000,0x000000004af00000)]
  0x0000000026bb5800 JavaThread "pool-39-thread-46" [_thread_in_native, id=13700, stack(0x000000004ad00000,0x000000004ae00000)]
  0x0000000026baf000 JavaThread "pool-39-thread-45" [_thread_in_native, id=17004, stack(0x000000004ac00000,0x000000004ad00000)]
  0x0000000026ba9000 JavaThread "pool-39-thread-44" [_thread_in_native, id=8644, stack(0x000000004ab00000,0x000000004ac00000)]
  0x0000000026bad800 JavaThread "pool-39-thread-43" [_thread_in_native, id=6332, stack(0x000000004aa00000,0x000000004ab00000)]
  0x0000000026bac800 JavaThread "pool-39-thread-42" [_thread_in_native, id=4776, stack(0x000000004a900000,0x000000004aa00000)]
  0x0000000026c28000 JavaThread "pool-39-thread-40" [_thread_in_native, id=16248, stack(0x000000004a700000,0x000000004a800000)]
  0x0000000026c2d000 JavaThread "pool-39-thread-39" [_thread_in_native, id=5348, stack(0x000000004a600000,0x000000004a700000)]
  0x0000000026c2e800 JavaThread "pool-39-thread-38" [_thread_in_native, id=17188, stack(0x000000004a500000,0x000000004a600000)]
  0x0000000026c2c800 JavaThread "pool-39-thread-37" [_thread_in_native, id=21020, stack(0x000000004a400000,0x000000004a500000)]
  0x0000000026c27000 JavaThread "pool-39-thread-36" [_thread_in_native, id=11980, stack(0x000000004a300000,0x000000004a400000)]
  0x0000000026c24000 JavaThread "pool-39-thread-35" [_thread_in_native, id=17340, stack(0x000000004a200000,0x000000004a300000)]
  0x0000000026c23000 JavaThread "pool-39-thread-34" [_thread_in_native, id=18576, stack(0x000000004a000000,0x000000004a100000)]
  0x0000000026c22800 JavaThread "pool-39-thread-33" [_thread_in_native, id=11680, stack(0x0000000049f00000,0x000000004a000000)]
  0x0000000026c24800 JavaThread "pool-39-thread-32" [_thread_in_native, id=10272, stack(0x0000000049e00000,0x0000000049f00000)]
  0x0000000026c19800 JavaThread "pool-39-thread-31" [_thread_in_native, id=22304, stack(0x0000000049d00000,0x0000000049e00000)]
  0x0000000026c20000 JavaThread "pool-39-thread-30" [_thread_in_native, id=2944, stack(0x0000000049c00000,0x0000000049d00000)]
  0x0000000026c1e800 JavaThread "pool-39-thread-29" [_thread_in_native, id=9908, stack(0x0000000049b00000,0x0000000049c00000)]
  0x0000000026c1b000 JavaThread "pool-39-thread-28" [_thread_in_native, id=23504, stack(0x0000000049a00000,0x0000000049b00000)]
  0x0000000026c12000 JavaThread "pool-39-thread-27" [_thread_in_native, id=16708, stack(0x0000000049900000,0x0000000049a00000)]
  0x0000000026c18800 JavaThread "pool-39-thread-26" [_thread_in_native, id=10340, stack(0x0000000049800000,0x0000000049900000)]
  0x0000000026c11000 JavaThread "pool-39-thread-25" [_thread_in_native, id=19512, stack(0x0000000049700000,0x0000000049800000)]
  0x0000000026c17000 JavaThread "pool-39-thread-24" [_thread_in_native, id=19024, stack(0x0000000049600000,0x0000000049700000)]
  0x0000000026c15000 JavaThread "pool-39-thread-23" [_thread_in_native, id=17540, stack(0x0000000049500000,0x0000000049600000)]
  0x0000000026c18000 JavaThread "pool-39-thread-22" [_thread_in_native, id=752, stack(0x0000000049400000,0x0000000049500000)]
  0x0000000026c13800 JavaThread "pool-39-thread-21" [_thread_in_native, id=20232, stack(0x0000000049300000,0x0000000049400000)]
  0x0000000026c09800 JavaThread "pool-39-thread-20" [_thread_in_native, id=7192, stack(0x0000000049200000,0x0000000049300000)]
  0x0000000026c09000 JavaThread "pool-39-thread-19" [_thread_in_native, id=10592, stack(0x0000000049100000,0x0000000049200000)]
  0x0000000026c0f800 JavaThread "pool-39-thread-18" [_thread_in_native, id=7408, stack(0x0000000049000000,0x0000000049100000)]
  0x0000000026c08000 JavaThread "pool-39-thread-17" [_thread_in_native, id=22984, stack(0x0000000048f00000,0x0000000049000000)]
  0x0000000026c0f000 JavaThread "pool-39-thread-16" [_thread_in_native, id=5608, stack(0x0000000048e00000,0x0000000048f00000)]
  0x0000000026c07800 JavaThread "pool-39-thread-15" [_thread_in_native, id=7116, stack(0x0000000048d00000,0x0000000048e00000)]
  0x0000000026c0a800 JavaThread "pool-39-thread-14" [_thread_in_native, id=17368, stack(0x0000000048c00000,0x0000000048d00000)]
  0x0000000026c00000 JavaThread "pool-39-thread-13" [_thread_in_native, id=22960, stack(0x0000000048b00000,0x0000000048c00000)]
  0x0000000026c06800 JavaThread "pool-39-thread-12" [_thread_in_native, id=19204, stack(0x0000000048a00000,0x0000000048b00000)]
  0x0000000026c38800 JavaThread "pool-39-thread-11" [_thread_in_native, id=16900, stack(0x0000000048900000,0x0000000048a00000)]
  0x0000000026c3e800 JavaThread "pool-39-thread-10" [_thread_in_native, id=18344, stack(0x0000000048800000,0x0000000048900000)]
  0x0000000026c3d000 JavaThread "pool-39-thread-9" [_thread_in_native, id=13808, stack(0x0000000048700000,0x0000000048800000)]
  0x0000000026c31000 JavaThread "pool-39-thread-8" [_thread_in_native, id=13736, stack(0x0000000048600000,0x0000000048700000)]
  0x0000000026c32800 JavaThread "pool-39-thread-7" [_thread_in_native, id=17212, stack(0x0000000048500000,0x0000000048600000)]
  0x0000000026c05000 JavaThread "pool-39-thread-6" [_thread_in_native, id=19624, stack(0x0000000048400000,0x0000000048500000)]
  0x0000000026c02000 JavaThread "pool-39-thread-5" [_thread_in_native, id=16824, stack(0x0000000048300000,0x0000000048400000)]
  0x0000000026c04800 JavaThread "pool-39-thread-4" [_thread_in_native, id=15136, stack(0x0000000048200000,0x0000000048300000)]
  0x0000000026c03000 JavaThread "pool-39-thread-3" [_thread_in_native, id=9336, stack(0x0000000048100000,0x0000000048200000)]
  0x0000000026c01800 JavaThread "pool-39-thread-2" [_thread_in_native, id=16568, stack(0x0000000048000000,0x0000000048100000)]
  0x0000000026bff000 JavaThread "pool-39-thread-1" [_thread_in_native, id=4120, stack(0x0000000047f00000,0x0000000048000000)]
  0x0000000026c1c800 JavaThread "pool-38-thread-175" [_thread_in_native, id=11024, stack(0x0000000047e00000,0x0000000047f00000)]
  0x0000000026c10800 JavaThread "pool-38-thread-174" [_thread_in_native, id=18236, stack(0x0000000047d00000,0x0000000047e00000)]
  0x0000000026c16800 JavaThread "pool-38-thread-172" [_thread_in_native, id=2744, stack(0x0000000047b00000,0x0000000047c00000)]
  0x0000000026c3c000 JavaThread "pool-38-thread-171" [_thread_in_native, id=23356, stack(0x0000000047900000,0x0000000047a00000)]
  0x0000000026c39000 JavaThread "pool-38-thread-169" [_thread_in_native, id=14000, stack(0x0000000047700000,0x0000000047800000)]
  0x0000000026acd000 JavaThread "pool-38-thread-166" [_thread_in_native, id=22888, stack(0x0000000047400000,0x0000000047500000)]
  0x0000000026ad3800 JavaThread "pool-38-thread-165" [_thread_in_native, id=3036, stack(0x0000000047300000,0x0000000047400000)]
  0x0000000026acc000 JavaThread "pool-38-thread-164" [_thread_in_native, id=20672, stack(0x0000000047200000,0x0000000047300000)]
  0x0000000026ac2800 JavaThread "pool-38-thread-163" [_thread_in_native, id=13316, stack(0x0000000047100000,0x0000000047200000)]
  0x0000000026ac9000 JavaThread "pool-38-thread-162" [_thread_in_native, id=4524, stack(0x0000000047000000,0x0000000047100000)]
  0x0000000026ac4800 JavaThread "pool-38-thread-161" [_thread_blocked, id=4552, stack(0x0000000046f00000,0x0000000047000000)]
  0x0000000026ac6000 JavaThread "pool-38-thread-160" [_thread_in_native, id=18224, stack(0x0000000046e00000,0x0000000046f00000)]
  0x0000000026ac8800 JavaThread "pool-38-thread-159" [_thread_in_native, id=7608, stack(0x0000000046d00000,0x0000000046e00000)]
  0x0000000026ab7000 JavaThread "pool-38-thread-158" [_thread_in_native, id=1156, stack(0x0000000046c00000,0x0000000046d00000)]
  0x0000000026aae800 JavaThread "pool-38-thread-157" [_thread_in_native, id=14880, stack(0x0000000046b00000,0x0000000046c00000)]
  0x0000000026ab5800 JavaThread "pool-38-thread-156" [_thread_in_native, id=18668, stack(0x0000000046a00000,0x0000000046b00000)]
  0x0000000026ab2800 JavaThread "pool-38-thread-154" [_thread_in_native, id=12344, stack(0x0000000046800000,0x0000000046900000)]
  0x0000000026aaa000 JavaThread "pool-38-thread-153" [_thread_in_native, id=18976, stack(0x0000000046700000,0x0000000046800000)]
  0x0000000026ad7800 JavaThread "pool-38-thread-151" [_thread_in_native, id=18568, stack(0x0000000046500000,0x0000000046600000)]
  0x0000000026add800 JavaThread "pool-38-thread-150" [_thread_in_native, id=22268, stack(0x0000000046400000,0x0000000046500000)]
  0x0000000022c34000 JavaThread "pool-38-thread-149" [_thread_in_native, id=16424, stack(0x0000000046300000,0x0000000046400000)]
  0x0000000022c33000 JavaThread "pool-38-thread-148" [_thread_in_native, id=20188, stack(0x0000000046200000,0x0000000046300000)]
  0x0000000022c31800 JavaThread "pool-38-thread-147" [_thread_in_native, id=12212, stack(0x0000000046100000,0x0000000046200000)]
  0x0000000022c2a000 JavaThread "pool-38-thread-146" [_thread_in_native, id=11316, stack(0x0000000046000000,0x0000000046100000)]
  0x0000000022c29000 JavaThread "pool-38-thread-145" [_thread_in_native, id=20240, stack(0x0000000045f00000,0x0000000046000000)]
  0x0000000022c30000 JavaThread "pool-38-thread-144" [_thread_in_native, id=19116, stack(0x0000000045e00000,0x0000000045f00000)]
  0x0000000022c2e800 JavaThread "pool-38-thread-143" [_thread_in_native, id=12968, stack(0x0000000045d00000,0x0000000045e00000)]
  0x0000000022c21800 JavaThread "pool-38-thread-142" [_thread_in_native, id=19392, stack(0x0000000045c00000,0x0000000045d00000)]
  0x0000000022c28800 JavaThread "pool-38-thread-141" [_thread_in_native, id=15212, stack(0x0000000045b00000,0x0000000045c00000)]
  0x0000000022c21000 JavaThread "pool-38-thread-140" [_thread_in_native, id=13200, stack(0x0000000045a00000,0x0000000045b00000)]
  0x0000000022c27800 JavaThread "pool-38-thread-139" [_thread_in_native, id=20636, stack(0x0000000045900000,0x0000000045a00000)]
  0x0000000022c27000 JavaThread "pool-38-thread-136" [_thread_in_native, id=2668, stack(0x0000000045500000,0x0000000045600000)]
  0x0000000022c22800 JavaThread "pool-38-thread-135" [_thread_blocked, id=19788, stack(0x0000000045400000,0x0000000045500000)]
  0x0000000022c26000 JavaThread "pool-38-thread-134" [_thread_in_native, id=20648, stack(0x0000000045300000,0x0000000045400000)]
  0x0000000022c25800 JavaThread "pool-38-thread-133" [_thread_in_native, id=11396, stack(0x0000000045200000,0x0000000045300000)]
  0x0000000022c18800 JavaThread "pool-38-thread-132" [_thread_in_native, id=15084, stack(0x0000000045100000,0x0000000045200000)]
  0x0000000022c1a000 JavaThread "pool-38-thread-131" [_thread_blocked, id=2816, stack(0x0000000045000000,0x0000000045100000)]
  0x0000000024fde800 JavaThread "pool-38-thread-130" [_thread_in_native, id=17160, stack(0x0000000044e00000,0x0000000044f00000)]
  0x0000000024fdd800 JavaThread "pool-38-thread-129" [_thread_in_native, id=18076, stack(0x0000000044d00000,0x0000000044e00000)]
  0x0000000024fdd000 JavaThread "pool-38-thread-128" [_thread_in_native, id=6372, stack(0x0000000044c00000,0x0000000044d00000)]
  0x0000000024fd4800 JavaThread "pool-38-thread-127" [_thread_blocked, id=15892, stack(0x0000000044b00000,0x0000000044c00000)]
  0x0000000024fda800 JavaThread "pool-38-thread-125" [_thread_in_native, id=11428, stack(0x0000000044900000,0x0000000044a00000)]
  0x0000000024fd5800 JavaThread "pool-38-thread-124" [_thread_in_native, id=14564, stack(0x0000000044800000,0x0000000044900000)]
  0x0000000024fda000 JavaThread "pool-38-thread-123" [_thread_in_native, id=22924, stack(0x0000000044700000,0x0000000044800000)]
  0x0000000024fd7800 JavaThread "pool-38-thread-121" [_thread_in_native, id=12340, stack(0x0000000044500000,0x0000000044600000)]
  0x0000000024fd4000 JavaThread "pool-38-thread-119" [_thread_in_native, id=21312, stack(0x0000000044300000,0x0000000044400000)]
  0x0000000024fcc800 JavaThread "pool-38-thread-118" [_thread_in_native, id=1012, stack(0x0000000044200000,0x0000000044300000)]
  0x0000000024fd2800 JavaThread "pool-38-thread-117" [_thread_in_native, id=22208, stack(0x0000000044100000,0x0000000044200000)]
  0x0000000024fd0000 JavaThread "pool-38-thread-116" [_thread_in_native, id=9884, stack(0x0000000044000000,0x0000000044100000)]
  0x0000000024fc8000 JavaThread "pool-38-thread-115" [_thread_in_native, id=7232, stack(0x0000000043f00000,0x0000000044000000)]
  0x0000000024fcb800 JavaThread "pool-38-thread-114" [_thread_in_native, id=17548, stack(0x0000000043e00000,0x0000000043f00000)]
  0x0000000024fc8800 JavaThread "pool-38-thread-113" [_thread_in_native, id=19312, stack(0x0000000043d00000,0x0000000043e00000)]
  0x0000000024fc3800 JavaThread "pool-38-thread-112" [_thread_in_native, id=6188, stack(0x0000000043c00000,0x0000000043d00000)]
  0x0000000024fca000 JavaThread "pool-38-thread-111" [_thread_in_native, id=23072, stack(0x0000000043b00000,0x0000000043c00000)]
  0x0000000022d02000 JavaThread "pool-38-thread-108" [_thread_in_native, id=21908, stack(0x0000000043800000,0x0000000043900000)]
  0x0000000022d08800 JavaThread "pool-38-thread-105" [_thread_in_native, id=2000, stack(0x0000000043500000,0x0000000043600000)]
  0x0000000022d07800 JavaThread "pool-38-thread-104" [_thread_in_native, id=14068, stack(0x0000000043400000,0x0000000043500000)]
  0x0000000022d06000 JavaThread "pool-38-thread-103" [_thread_in_native, id=16476, stack(0x0000000043300000,0x0000000043400000)]
  0x0000000022cfc000 JavaThread "pool-38-thread-102" [_thread_in_native, id=20320, stack(0x0000000043200000,0x0000000043300000)]
  0x0000000022cfa000 JavaThread "pool-38-thread-101" [_thread_in_native, id=12316, stack(0x0000000043100000,0x0000000043200000)]
  0x0000000022cfd000 JavaThread "pool-38-thread-100" [_thread_in_native, id=15908, stack(0x0000000043000000,0x0000000043100000)]
  0x0000000022d00800 JavaThread "pool-38-thread-99" [_thread_in_native, id=6152, stack(0x0000000042f00000,0x0000000043000000)]
  0x0000000022cf9000 JavaThread "pool-38-thread-98" [_thread_in_native, id=8404, stack(0x0000000042e00000,0x0000000042f00000)]
  0x0000000022d00000 JavaThread "pool-38-thread-97" [_thread_in_native, id=6628, stack(0x0000000042d00000,0x0000000042e00000)]
  0x0000000022cfb800 JavaThread "pool-38-thread-96" [_thread_in_native, id=528, stack(0x0000000042c00000,0x0000000042d00000)]
  0x0000000022cf1800 JavaThread "pool-38-thread-95" [_thread_in_native, id=18316, stack(0x0000000042b00000,0x0000000042c00000)]
  0x0000000022cf8800 JavaThread "pool-38-thread-94" [_thread_blocked, id=22156, stack(0x0000000042a00000,0x0000000042b00000)]
  0x0000000022cf6000 JavaThread "pool-38-thread-92" [_thread_in_native, id=8480, stack(0x0000000042700000,0x0000000042800000)]
  0x0000000022cf5800 JavaThread "pool-38-thread-91" [_thread_in_native, id=15700, stack(0x0000000042600000,0x0000000042700000)]
  0x0000000022cec800 JavaThread "pool-38-thread-90" [_thread_blocked, id=13804, stack(0x0000000042500000,0x0000000042600000)]
  0x0000000022cf0000 JavaThread "pool-38-thread-89" [_thread_blocked, id=16620, stack(0x0000000042400000,0x0000000042500000)]
  0x0000000022cee800 JavaThread "pool-38-thread-88" [_thread_in_native, id=20904, stack(0x0000000042300000,0x0000000042400000)]
  0x0000000022cef800 JavaThread "pool-38-thread-87" [_thread_in_native, id=16600, stack(0x0000000042200000,0x0000000042300000)]
  0x0000000022ceb000 JavaThread "pool-38-thread-86" [_thread_in_native, id=5044, stack(0x0000000042000000,0x0000000042100000)]
  0x00000000258ae000 JavaThread "pool-38-thread-84" [_thread_in_native, id=11208, stack(0x0000000041e00000,0x0000000041f00000)]
  0x00000000258ae800 JavaThread "pool-38-thread-83" [_thread_in_native, id=11916, stack(0x0000000041d00000,0x0000000041e00000)]
  0x00000000258ac800 JavaThread "pool-38-thread-82" [_thread_in_native, id=13992, stack(0x0000000041c00000,0x0000000041d00000)]
  0x00000000258ab800 JavaThread "pool-38-thread-81" [_thread_in_native, id=13132, stack(0x0000000041b00000,0x0000000041c00000)]
  0x00000000258a4000 JavaThread "pool-38-thread-80" [_thread_in_native, id=18980, stack(0x0000000041a00000,0x0000000041b00000)]
  0x00000000258a9800 JavaThread "pool-38-thread-79" [_thread_in_native, id=21980, stack(0x0000000041800000,0x0000000041900000)]
  0x00000000258a8800 JavaThread "pool-38-thread-78" [_thread_in_native, id=15236, stack(0x0000000041700000,0x0000000041800000)]
  0x00000000258ab000 JavaThread "pool-38-thread-77" [_thread_in_native, id=17032, stack(0x0000000041600000,0x0000000041700000)]
  0x00000000258a5000 JavaThread "pool-38-thread-76" [_thread_in_native, id=11352, stack(0x0000000041500000,0x0000000041600000)]
  0x00000000258a7000 JavaThread "pool-38-thread-75" [_thread_blocked, id=21540, stack(0x0000000041400000,0x0000000041500000)]
  0x00000000258a3800 JavaThread "pool-38-thread-74" [_thread_blocked, id=21876, stack(0x0000000041300000,0x0000000041400000)]
  0x000000002589d000 JavaThread "pool-38-thread-73" [_thread_blocked, id=16160, stack(0x0000000041200000,0x0000000041300000)]
  0x000000002589f800 JavaThread "pool-38-thread-72" [_thread_in_native, id=6744, stack(0x0000000041100000,0x0000000041200000)]
  0x00000000258a2800 JavaThread "pool-38-thread-71" [_thread_in_native, id=17068, stack(0x0000000041000000,0x0000000041100000)]
  0x00000000258a2000 JavaThread "pool-38-thread-70" [_thread_in_native, id=22392, stack(0x0000000040f00000,0x0000000041000000)]
  0x000000002589a000 JavaThread "pool-38-thread-69" [_thread_in_native, id=12864, stack(0x0000000040e00000,0x0000000040f00000)]
  0x000000002589f000 JavaThread "pool-38-thread-68" [_thread_in_native, id=15768, stack(0x0000000040d00000,0x0000000040e00000)]
  0x00000000258a1000 JavaThread "pool-38-thread-67" [_thread_in_native, id=1908, stack(0x0000000040c00000,0x0000000040d00000)]
  0x000000002589c800 JavaThread "pool-38-thread-66" [_thread_blocked, id=3408, stack(0x0000000040b00000,0x0000000040c00000)]
  0x000000002589b000 JavaThread "pool-38-thread-65" [_thread_in_native, id=16644, stack(0x0000000040a00000,0x0000000040b00000)]
  0x000000002589e000 JavaThread "pool-38-thread-64" [_thread_in_native, id=6340, stack(0x0000000040900000,0x0000000040a00000)]
  0x0000000025892800 JavaThread "pool-38-thread-63" [_thread_in_native, id=12256, stack(0x0000000040800000,0x0000000040900000)]
  0x0000000025892000 JavaThread "pool-38-thread-61" [_thread_in_native, id=10852, stack(0x0000000040600000,0x0000000040700000)]
  0x0000000025897000 JavaThread "pool-38-thread-60" [_thread_in_native, id=13188, stack(0x0000000040500000,0x0000000040600000)]
  0x0000000025898800 JavaThread "pool-38-thread-59" [_thread_in_native, id=9856, stack(0x0000000040300000,0x0000000040400000)]
  0x0000000025891000 JavaThread "pool-38-thread-58" [_thread_blocked, id=16816, stack(0x0000000040000000,0x0000000040100000)]
  0x0000000025895800 JavaThread "pool-38-thread-57" [_thread_blocked, id=5300, stack(0x000000003fe00000,0x000000003ff00000)]
  0x0000000024fbe800 JavaThread "pool-38-thread-56" [_thread_in_native, id=9080, stack(0x000000003fd00000,0x000000003fe00000)]
  0x0000000024fb7000 JavaThread "pool-38-thread-55" [_thread_blocked, id=968, stack(0x000000003fc00000,0x000000003fd00000)]
  0x0000000024fb9000 JavaThread "pool-38-thread-54" [_thread_in_native, id=8752, stack(0x000000003fa00000,0x000000003fb00000)]
  0x0000000024fbd800 JavaThread "pool-38-thread-53" [_thread_in_native, id=16884, stack(0x000000003f900000,0x000000003fa00000)]
  0x0000000024fbd000 JavaThread "pool-38-thread-52" [_thread_in_native, id=15676, stack(0x000000003f800000,0x000000003f900000)]
  0x0000000024fb6000 JavaThread "pool-38-thread-50" [_thread_in_native, id=23220, stack(0x000000003f600000,0x000000003f700000)]
  0x0000000024fbb800 JavaThread "pool-38-thread-49" [_thread_blocked, id=20848, stack(0x000000003f100000,0x000000003f200000)]
  0x0000000024fba800 JavaThread "pool-38-thread-48" [_thread_blocked, id=17896, stack(0x000000003f000000,0x000000003f100000)]
  0x0000000024fab800 JavaThread "pool-38-thread-47" [_thread_blocked, id=8680, stack(0x000000003ef00000,0x000000003f000000)]
  0x0000000024fb2800 JavaThread "pool-38-thread-46" [_thread_blocked, id=20192, stack(0x000000003ee00000,0x000000003ef00000)]
  0x0000000024fb1800 JavaThread "pool-38-thread-45" [_thread_blocked, id=15008, stack(0x000000003ec00000,0x000000003ed00000)]
  0x0000000024fa8000 JavaThread "pool-38-thread-40" [_thread_in_native, id=17020, stack(0x000000003e700000,0x000000003e800000)]
  0x0000000024fad000 JavaThread "pool-38-thread-39" [_thread_in_native, id=1184, stack(0x000000003e600000,0x000000003e700000)]
  0x0000000024fab000 JavaThread "pool-38-thread-37" [_thread_in_native, id=16008, stack(0x000000003e400000,0x000000003e500000)]
  0x0000000024fae000 JavaThread "pool-38-thread-36" [_thread_blocked, id=19100, stack(0x000000003e300000,0x000000003e400000)]
  0x0000000024fa7000 JavaThread "pool-38-thread-35" [_thread_in_native, id=9036, stack(0x000000003e200000,0x000000003e300000)]
  0x0000000024fa2000 JavaThread "pool-38-thread-33" [_thread_in_native, id=11360, stack(0x000000003df00000,0x000000003e000000)]
  0x0000000024fa1000 JavaThread "pool-38-thread-32" [_thread_in_native, id=5492, stack(0x000000003de00000,0x000000003df00000)]
  0x0000000024fa5800 JavaThread "pool-38-thread-31" [_thread_blocked, id=6004, stack(0x000000003dd00000,0x000000003de00000)]
  0x0000000024fa4000 JavaThread "pool-38-thread-30" [_thread_blocked, id=5264, stack(0x000000003dc00000,0x000000003dd00000)]
  0x0000000024fa5000 JavaThread "pool-38-thread-29" [_thread_in_native, id=22452, stack(0x000000003db00000,0x000000003dc00000)]
  0x0000000024fa2800 JavaThread "pool-38-thread-28" [_thread_in_native, id=19672, stack(0x000000003d900000,0x000000003da00000)]
  0x00000000259eb000 JavaThread "pool-38-thread-27" [_thread_in_native, id=13712, stack(0x000000003d800000,0x000000003d900000)]
  0x00000000259e9800 JavaThread "pool-38-thread-26" [_thread_blocked, id=13456, stack(0x000000003d600000,0x000000003d700000)]
  0x00000000259e8000 JavaThread "pool-38-thread-25" [_thread_blocked, id=20308, stack(0x000000003d400000,0x000000003d500000)]
  0x00000000259e0800 JavaThread "pool-38-thread-24" [_thread_in_native, id=9424, stack(0x000000003d300000,0x000000003d400000)]
  0x00000000259e6800 JavaThread "pool-38-thread-23" [_thread_in_native, id=20436, stack(0x000000003d100000,0x000000003d200000)]
  0x00000000259df000 JavaThread "pool-38-thread-22" [_thread_in_native, id=2352, stack(0x000000003d000000,0x000000003d100000)]
  0x00000000259e6000 JavaThread "pool-38-thread-21" [_thread_in_native, id=7280, stack(0x000000003cf00000,0x000000003d000000)]
  0x00000000259e1800 JavaThread "pool-38-thread-20" [_thread_in_native, id=18388, stack(0x000000003ce00000,0x000000003cf00000)]
  0x00000000259e4800 JavaThread "pool-38-thread-19" [_thread_in_native, id=11508, stack(0x000000003cd00000,0x000000003ce00000)]
  0x00000000259de800 JavaThread "pool-38-thread-17" [_thread_in_native, id=9132, stack(0x000000003cb00000,0x000000003cc00000)]
  0x00000000259e3800 JavaThread "pool-38-thread-16" [_thread_in_native, id=21572, stack(0x000000003c900000,0x000000003ca00000)]
  0x00000000259d4800 JavaThread "pool-38-thread-14" [_thread_blocked, id=22608, stack(0x000000003c700000,0x000000003c800000)]
  0x00000000259d6000 JavaThread "pool-38-thread-13" [_thread_in_native, id=7912, stack(0x000000003c600000,0x000000003c700000)]
  0x00000000259db800 JavaThread "pool-38-thread-12" [_thread_in_native, id=3356, stack(0x000000003c500000,0x000000003c600000)]
  0x00000000259d4000 JavaThread "pool-38-thread-11" [_thread_in_native, id=452, stack(0x000000003c400000,0x000000003c500000)]
  0x00000000259da800 JavaThread "pool-38-thread-10" [_thread_in_native, id=4512, stack(0x000000003c300000,0x000000003c400000)]
  0x00000000259d7800 JavaThread "pool-38-thread-9" [_thread_in_native, id=12588, stack(0x000000003c200000,0x000000003c300000)]
  0x00000000259d7000 JavaThread "pool-38-thread-8" [_thread_in_native, id=21484, stack(0x000000003c100000,0x000000003c200000)]
  0x00000000259d5800 JavaThread "pool-38-thread-7" [_thread_in_native, id=7180, stack(0x000000003c000000,0x000000003c100000)]
  0x00000000259d9000 JavaThread "pool-38-thread-6" [_thread_in_native, id=8692, stack(0x000000003bf00000,0x000000003c000000)]
  0x00000000259da000 JavaThread "pool-38-thread-5" [_thread_in_native, id=17076, stack(0x000000003be00000,0x000000003bf00000)]
  0x00000000259cc800 JavaThread "pool-38-thread-4" [_thread_blocked, id=18892, stack(0x000000003bd00000,0x000000003be00000)]
  0x00000000259d2800 JavaThread "pool-38-thread-3" [_thread_in_native, id=5928, stack(0x000000003bc00000,0x000000003bd00000)]
  0x00000000259ce800 JavaThread "pool-38-thread-2" [_thread_in_native, id=19012, stack(0x000000003bb00000,0x000000003bc00000)]
  0x0000000026aa8000 JavaThread "pool-37-thread-104" [_thread_in_native, id=15544, stack(0x0000000035a60000,0x0000000035b60000)]
  0x0000000026b81800 JavaThread "pool-37-thread-17" [_thread_in_native, id=22708, stack(0x0000000030060000,0x0000000030160000)]
  0x0000000026b79800 JavaThread "pool-37-thread-10" [_thread_in_native, id=7964, stack(0x000000002f960000,0x000000002fa60000)]
  0x0000000022d40800 JavaThread "pool-36-thread-102" [_thread_in_native, id=18104, stack(0x0000000029e30000,0x0000000029f30000)]
  0x0000000026ac1000 JavaThread "pool-36-thread-16" [_thread_in_native, id=10028, stack(0x000000007c100000,0x000000007c200000)]
  0x0000000026aba000 JavaThread "pool-36-thread-11" [_thread_in_native, id=1580, stack(0x000000007ba00000,0x000000007bb00000)]
  0x0000000026aac800 JavaThread "pool-36-thread-6" [_thread_in_native, id=15448, stack(0x000000007b300000,0x000000007b400000)]
  0x00000000259dd800 JavaThread "pool-35-thread-70" [_thread_in_native, id=20124, stack(0x0000000073d00000,0x0000000073e00000)]
  0x0000000024fd3000 JavaThread "pool-35-thread-16" [_thread_in_native, id=11756, stack(0x000000006f800000,0x000000006f900000)]
  0x0000000024fce800 JavaThread "pool-35-thread-10" [_thread_in_native, id=10508, stack(0x000000006f200000,0x000000006f300000)]
  0x0000000024fc5000 JavaThread "pool-35-thread-4" [_thread_in_native, id=18148, stack(0x000000006ec00000,0x000000006ed00000)]
  0x0000000026abe000 JavaThread "pool-34-thread-128" [_thread_in_native, id=5716, stack(0x000000006bc00000,0x000000006bd00000)]
  0x0000000026c1e000 JavaThread "pool-34-thread-110" [_thread_in_native, id=10092, stack(0x000000006aa00000,0x000000006ab00000)]
  0x0000000026c1a000 JavaThread "pool-34-thread-100" [_thread_in_native, id=17980, stack(0x000000006a000000,0x000000006a100000)]
  0x0000000026bb4000 JavaThread "pool-34-thread-69" [_thread_in_native, id=8672, stack(0x0000000068100000,0x0000000068200000)]
  0x0000000026b89800 JavaThread "pool-34-thread-18" [_thread_in_native, id=11244, stack(0x0000000064500000,0x0000000064600000)]
  0x0000000026b7f800 JavaThread "pool-34-thread-10" [_thread_in_native, id=9912, stack(0x0000000063b00000,0x0000000063c00000)]
  0x00000000225b0000 JavaThread "pool-33-thread-98" [_thread_in_native, id=7088, stack(0x000000005d400000,0x000000005d500000)]
  0x0000000026c03800 JavaThread "pool-33-thread-16" [_thread_in_native, id=8740, stack(0x0000000057f00000,0x0000000058000000)]
  0x0000000024fd8800 JavaThread "pool-32-thread-151" [_thread_in_native, id=2084, stack(0x0000000055600000,0x0000000055700000)]
  0x00000000259e3000 JavaThread "pool-32-thread-17" [_thread_in_native, id=1224, stack(0x000000004b300000,0x000000004b400000)]
  0x0000000026c3b800 JavaThread "pool-31-thread-26" [_thread_in_native, id=580, stack(0x0000000040400000,0x0000000040500000)]
  0x0000000026c37000 JavaThread "pool-31-thread-17" [_thread_in_native, id=15580, stack(0x000000003fb00000,0x000000003fc00000)]
  0x0000000024fb4000 JavaThread "pool-31-thread-10" [_thread_in_native, id=21448, stack(0x000000003f400000,0x000000003f500000)]
  0x0000000024fb1000 JavaThread "pool-31-thread-4" [_thread_in_native, id=21824, stack(0x000000003ed00000,0x000000003ee00000)]
  0x0000000022c1c800 JavaThread "pool-30-thread-101" [_thread_in_native, id=8356, stack(0x0000000039c00000,0x0000000039d00000)]
  0x0000000026ac3000 JavaThread "pool-30-thread-15" [_thread_in_native, id=21516, stack(0x0000000033460000,0x0000000033560000)]
  0x0000000026aba800 JavaThread "pool-30-thread-9" [_thread_in_native, id=12956, stack(0x0000000032d60000,0x0000000032e60000)]
  0x0000000022c1d000 JavaThread "pool-29-thread-100" [_thread_in_native, id=17044, stack(0x000000002cb60000,0x000000002cc60000)]
  0x0000000022c1b800 JavaThread "pool-29-thread-95" [_thread_in_native, id=17036, stack(0x000000002c660000,0x000000002c760000)]
  0x00000000259dd000 JavaThread "pool-29-thread-17" [_thread_in_native, id=4136, stack(0x000000007fe00000,0x000000007ff00000)]
  0x00000000259cd000 JavaThread "pool-29-thread-10" [_thread_in_native, id=10344, stack(0x000000007f700000,0x000000007f800000)]
  0x0000000022bde800 JavaThread "pool-29-thread-6" [_thread_in_native, id=13828, stack(0x000000007f300000,0x000000007f400000)]
  0x0000000022b4a800 JavaThread "pool-28-thread-143" [_thread_in_native, id=5080, stack(0x000000007cc00000,0x000000007cd00000)]
  0x0000000024fb3000 JavaThread "pool-28-thread-106" [_thread_in_native, id=21356, stack(0x000000007a700000,0x000000007a800000)]
  0x0000000026adb000 JavaThread "pool-28-thread-11" [_thread_in_native, id=17748, stack(0x0000000074300000,0x0000000074400000)]
  0x0000000026ad4800 JavaThread "pool-28-thread-8" [_thread_in_native, id=19040, stack(0x0000000073f00000,0x0000000074000000)]
  0x0000000026ad6800 JavaThread "pool-28-thread-7" [_thread_in_native, id=16948, stack(0x0000000073e00000,0x0000000073f00000)]
  0x0000000022bd7000 JavaThread "pool-27-thread-100" [_thread_in_native, id=21464, stack(0x000000006d100000,0x000000006d200000)]
  0x0000000026c00800 JavaThread "pool-27-thread-10" [_thread_in_native, id=11992, stack(0x0000000067600000,0x0000000067700000)]
  0x0000000024fd7000 JavaThread "pool-26-thread-115" [_thread_in_native, id=21520, stack(0x0000000063400000,0x0000000063500000)]
  0x0000000022cf2800 JavaThread "pool-26-thread-18" [_thread_in_native, id=5604, stack(0x000000005ce00000,0x000000005cf00000)]
  0x0000000022cee000 JavaThread "pool-26-thread-10" [_thread_in_native, id=21712, stack(0x000000005c400000,0x000000005c500000)]
  0x0000000026c1b800 JavaThread "pool-25-thread-16" [_thread_in_native, id=21848, stack(0x0000000051a00000,0x0000000051b00000)]
  0x0000000026c0b000 JavaThread "pool-25-thread-2" [_thread_in_native, id=22844, stack(0x0000000050c00000,0x0000000050d00000)]
  0x0000000022c1e800 JavaThread "pool-24-thread-16" [_thread_in_native, id=8564, stack(0x0000000045700000,0x0000000045800000)]
  0x0000000024afe000 JavaThread "pool-24-thread-9" [_thread_in_native, id=17308, stack(0x0000000044f00000,0x0000000045000000)]
  0x0000000022c1f800 JavaThread "pool-23-thread-99" [_thread_in_native, id=15476, stack(0x000000003f300000,0x000000003f400000)]
  0x00000000259dc000 JavaThread "pool-23-thread-16" [_thread_in_native, id=7252, stack(0x000000003a000000,0x000000003a100000)]
  0x00000000259d8800 JavaThread "pool-23-thread-11" [_thread_in_native, id=21012, stack(0x0000000039b00000,0x0000000039c00000)]
  0x00000000259cf800 JavaThread "pool-23-thread-9" [_thread_in_native, id=18944, stack(0x0000000039900000,0x0000000039a00000)]
  0x0000000024fba000 JavaThread "pool-22-thread-16" [_thread_in_native, id=23464, stack(0x000000002e860000,0x000000002e960000)]
  0x0000000024fae800 JavaThread "pool-22-thread-8" [_thread_in_native, id=10396, stack(0x000000002e060000,0x000000002e160000)]
  0x0000000024fa8800 JavaThread "pool-22-thread-2" [_thread_in_native, id=2768, stack(0x000000002da60000,0x000000002db60000)]
  0x0000000024fb7800 JavaThread "pool-21-thread-16" [_thread_in_native, id=16928, stack(0x000000007dd00000,0x000000007de00000)]
  0x0000000024fbc000 JavaThread "pool-21-thread-10" [_thread_in_native, id=14512, stack(0x000000007d700000,0x000000007d800000)]
  0x0000000022d05800 JavaThread "pool-20-thread-114" [_thread_in_native, id=22756, stack(0x0000000078c00000,0x0000000078d00000)]
  0x0000000022c34800 JavaThread "pool-20-thread-16" [_thread_in_native, id=21576, stack(0x0000000072a00000,0x0000000072b00000)]
  0x0000000022c2d000 JavaThread "pool-20-thread-9" [_thread_in_native, id=6964, stack(0x0000000072300000,0x0000000072400000)]
  0x0000000024fce000 JavaThread "pool-19-thread-100" [_thread_in_native, id=6040, stack(0x000000006c100000,0x000000006c200000)]
  0x000000002589b800 JavaThread "pool-19-thread-16" [_thread_in_native, id=13416, stack(0x0000000066d00000,0x0000000066e00000)]
  0x00000000258a0800 JavaThread "pool-19-thread-10" [_thread_in_native, id=6564, stack(0x0000000066700000,0x0000000066800000)]
  0x0000000022be0000 JavaThread "pool-18-thread-107" [_thread_in_native, id=10988, stack(0x0000000060d00000,0x0000000060e00000)]
  0x0000000022c1e000 JavaThread "pool-18-thread-10" [_thread_in_native, id=7960, stack(0x000000005ac00000,0x000000005ad00000)]
  0x0000000022d03000 JavaThread "pool-17-thread-144" [_thread_in_native, id=14616, stack(0x0000000057c00000,0x0000000057d00000)]
  0x0000000024fa3800 JavaThread "pool-17-thread-17" [_thread_in_native, id=2820, stack(0x000000004fd00000,0x000000004fe00000)]
  0x0000000024fd6000 JavaThread "pool-17-thread-10" [_thread_in_native, id=3160, stack(0x000000004f600000,0x000000004f700000)]
  0x0000000024af9800 JavaThread "http-nio-8080-AsyncTimeout" daemon [_thread_blocked, id=12964, stack(0x000000004cb00000,0x000000004cc00000)]
  0x0000000024af3800 JavaThread "http-nio-8080-Acceptor-0" daemon [_thread_in_native, id=9496, stack(0x000000004ca00000,0x000000004cb00000)]
  0x0000000024af6800 JavaThread "http-nio-8080-ClientPoller-1" daemon [_thread_in_native, id=13480, stack(0x000000004c900000,0x000000004ca00000)]
  0x0000000024af5000 JavaThread "http-nio-8080-ClientPoller-0" daemon [_thread_in_native, id=19960, stack(0x000000004c800000,0x000000004c900000)]
  0x0000000024af2000 JavaThread "http-nio-8080-exec-10" daemon [_thread_blocked, id=2912, stack(0x000000004c700000,0x000000004c800000)]
  0x0000000024af9000 JavaThread "http-nio-8080-exec-9" daemon [_thread_blocked, id=2504, stack(0x000000004c600000,0x000000004c700000)]
  0x0000000024af8000 JavaThread "http-nio-8080-exec-8" daemon [_thread_blocked, id=16588, stack(0x000000004c500000,0x000000004c600000)]
  0x00000000228a6000 JavaThread "http-nio-8080-exec-7" daemon [_thread_blocked, id=7772, stack(0x000000004c400000,0x000000004c500000)]
  0x00000000228a4800 JavaThread "http-nio-8080-exec-6" daemon [_thread_blocked, id=6056, stack(0x000000004c300000,0x000000004c400000)]
  0x00000000228a5800 JavaThread "http-nio-8080-exec-5" daemon [_thread_blocked, id=21132, stack(0x000000004c200000,0x000000004c300000)]
  0x00000000228a8800 JavaThread "http-nio-8080-exec-4" daemon [_thread_blocked, id=17436, stack(0x000000004c100000,0x000000004c200000)]
  0x00000000228a7800 JavaThread "http-nio-8080-exec-3" daemon [_thread_blocked, id=23052, stack(0x000000004c000000,0x000000004c100000)]
  0x00000000228a4000 JavaThread "http-nio-8080-exec-2" daemon [_thread_blocked, id=440, stack(0x000000004bf00000,0x000000004c000000)]
  0x00000000228a7000 JavaThread "http-nio-8080-exec-1" daemon [_thread_blocked, id=21956, stack(0x000000004be00000,0x000000004bf00000)]
  0x000000002289c000 JavaThread "NioBlockingSelector.BlockPoller-4" daemon [_thread_in_native, id=21820, stack(0x000000004bd00000,0x000000004be00000)]
  0x00000000228a3000 JavaThread "pool-16-thread-1" [_thread_blocked, id=3144, stack(0x000000004bc00000,0x000000004bd00000)]
  0x000000002289d000 JavaThread "File Watcher" daemon [_thread_blocked, id=9972, stack(0x000000004ba00000,0x000000004bb00000)]
  0x00000000228a0800 JavaThread "container-0" [_thread_blocked, id=17148, stack(0x000000004b600000,0x000000004b700000)]
  0x000000002289a000 JavaThread "ContainerBackgroundProcessor[StandardEngine[Tomcat]]" daemon [_thread_blocked, id=4304, stack(0x000000004b500000,0x000000004b600000)]
  0x0000000022b43000 JavaThread "Tomcat JDBC Pool Cleaner[414493378:1522411456493]" daemon [_thread_blocked, id=2016, stack(0x000000004a100000,0x000000004a200000)]
  0x0000000022d4c000 JavaThread "pool-12-thread-98" [_thread_in_native, id=13136, stack(0x0000000047a00000,0x0000000047b00000)]
  0x0000000022c1b000 JavaThread "pool-12-thread-16" [_thread_in_native, id=18924, stack(0x0000000042800000,0x0000000042900000)]
  0x0000000024fdc000 JavaThread "pool-12-thread-9" [_thread_in_native, id=11236, stack(0x0000000042100000,0x0000000042200000)]
  0x0000000024fd1000 JavaThread "pool-12-thread-1" [_thread_in_native, id=8136, stack(0x0000000041900000,0x0000000041a00000)]
  0x0000000022b4c000 JavaThread "pool-11-thread-16" [_thread_in_native, id=1328, stack(0x0000000036660000,0x0000000036760000)]
  0x0000000024aff800 JavaThread "pool-11-thread-11" [_thread_in_native, id=15796, stack(0x0000000036160000,0x0000000036260000)]
  0x0000000022c35800 JavaThread "pool-11-thread-6" [_thread_in_native, id=8088, stack(0x0000000035c60000,0x0000000035d60000)]
  0x0000000022be1800 JavaThread "pool-10-thread-103" [_thread_in_native, id=19388, stack(0x0000000030460000,0x0000000030560000)]
  0x0000000022bda000 JavaThread "pool-10-thread-90" [_thread_in_native, id=4108, stack(0x000000002f760000,0x000000002f860000)]
  0x000000001ba13800 JavaThread "pool-10-thread-18" [_thread_in_native, id=10080, stack(0x000000002af60000,0x000000002b060000)]
  0x00000000225ba800 JavaThread "pool-10-thread-10" [_thread_in_native, id=22012, stack(0x000000002a760000,0x000000002a860000)]
  0x00000000225ad000 JavaThread "pool-10-thread-4" [_thread_in_native, id=8144, stack(0x0000000029f60000,0x000000002a060000)]
  0x000000002289f000 JavaThread "pool-9-thread-1" [_thread_blocked, id=22540, stack(0x0000000028c60000,0x0000000028d60000)]
  0x00000000225b4800 JavaThread "DestroyJavaVM" [_thread_blocked, id=23424, stack(0x0000000004740000,0x0000000004840000)]
  0x00000000225af800 JavaThread "Live Reload Server" daemon [_thread_in_native, id=8048, stack(0x0000000024960000,0x0000000024a60000)]
  0x000000001ba14800 JavaThread "Abandoned connection cleanup thread" daemon [_thread_blocked, id=20404, stack(0x0000000023750000,0x0000000023850000)]
  0x000000001ef0e000 JavaThread "RMI Scheduler(0)" daemon [_thread_blocked, id=22912, stack(0x000000001f9b0000,0x000000001fab0000)]
  0x000000001edd8000 JavaThread "RMI TCP Accept-0" daemon [_thread_in_native, id=5272, stack(0x000000001f110000,0x000000001f210000)]
  0x000000001ed65000 JavaThread "RMI TCP Accept-50557" daemon [_thread_in_native, id=5520, stack(0x000000001f010000,0x000000001f110000)]
  0x000000001ed52800 JavaThread "RMI TCP Accept-0" daemon [_thread_in_native, id=5980, stack(0x000000001e6a0000,0x000000001e7a0000)]
  0x000000001b96a000 JavaThread "Service Thread" daemon [_thread_blocked, id=16944, stack(0x000000001e580000,0x000000001e680000)]
  0x000000001ba1a800 JavaThread "C1 CompilerThread11" daemon [_thread_blocked, id=22356, stack(0x000000001e480000,0x000000001e580000)]
  0x000000001ba17800 JavaThread "C1 CompilerThread10" daemon [_thread_blocked, id=20104, stack(0x000000001e380000,0x000000001e480000)]
  0x000000001b9e1000 JavaThread "C1 CompilerThread9" daemon [_thread_blocked, id=12424, stack(0x000000001e280000,0x000000001e380000)]
  0x000000001b9a8000 JavaThread "C1 CompilerThread8" daemon [_thread_blocked, id=23236, stack(0x000000001e180000,0x000000001e280000)]
  0x000000001b9a6800 JavaThread "C2 CompilerThread7" daemon [_thread_blocked, id=14788, stack(0x000000001e080000,0x000000001e180000)]
  0x000000001b98d800 JavaThread "C2 CompilerThread6" daemon [_thread_blocked, id=17268, stack(0x000000001df80000,0x000000001e080000)]
  0x000000001b985000 JavaThread "C2 CompilerThread5" daemon [_thread_blocked, id=19068, stack(0x000000001dd80000,0x000000001de80000)]
  0x000000001b97b800 JavaThread "C2 CompilerThread4" daemon [_thread_blocked, id=11804, stack(0x000000001dc80000,0x000000001dd80000)]
  0x000000001b973800 JavaThread "C2 CompilerThread3" daemon [_thread_blocked, id=19992, stack(0x000000001db80000,0x000000001dc80000)]
  0x000000001b973000 JavaThread "C2 CompilerThread2" daemon [_thread_blocked, id=11408, stack(0x000000001da80000,0x000000001db80000)]
  0x000000001b971000 JavaThread "C2 CompilerThread1" daemon [_thread_blocked, id=14700, stack(0x000000001d980000,0x000000001da80000)]
  0x000000001b96d800 JavaThread "C2 CompilerThread0" daemon [_thread_blocked, id=1160, stack(0x000000001d880000,0x000000001d980000)]
  0x000000001b965800 JavaThread "JDWP Command Reader" daemon [_thread_in_native, id=7264, stack(0x000000001d780000,0x000000001d880000)]
  0x000000001b95b000 JavaThread "JDWP Event Helper Thread" daemon [_thread_blocked, id=14756, stack(0x000000001d680000,0x000000001d780000)]
  0x000000001b950000 JavaThread "JDWP Transport Listener: dt_socket" daemon [_thread_blocked, id=17852, stack(0x000000001d580000,0x000000001d680000)]
  0x000000001b946800 JavaThread "Attach Listener" daemon [_thread_blocked, id=8596, stack(0x000000001d480000,0x000000001d580000)]
  0x000000001b8ed800 JavaThread "Signal Dispatcher" daemon [_thread_blocked, id=18848, stack(0x000000001d380000,0x000000001d480000)]
  0x000000001b8c6800 JavaThread "Finalizer" daemon [_thread_blocked, id=13696, stack(0x000000001d120000,0x000000001d220000)]
  0x0000000019e53800 JavaThread "Reference Handler" daemon [_thread_blocked, id=1168, stack(0x000000001d020000,0x000000001d120000)]

Other Threads:
=>0x000000001b8a4000 VMThread [stack: 0x000000001cf20000,0x000000001d020000] [id=22696]
  0x000000001ed84000 WatcherThread [stack: 0x000000001f210000,0x000000001f310000] [id=8360]

VM state:at safepoint (normal execution)

VM Mutex/Monitor currently owned by a thread:  ([mutex/lock_event])
[0x0000000004863dc0] Threads_lock - owner thread: 0x000000001b8a4000

Heap:
 PSYoungGen      total 651776K, used 30447K [0x00000000d5c00000, 0x0000000100000000, 0x0000000100000000)
  eden space 620544K, 0% used [0x00000000d5c00000,0x00000000d5e3dd98,0x00000000fba00000)
  from space 31232K, 90% used [0x00000000fba00000,0x00000000fd57e1b8,0x00000000fd880000)
  to   space 31232K, 0% used [0x00000000fe180000,0x00000000fe180000,0x0000000100000000)
 ParOldGen       total 169984K, used 110611K [0x0000000081400000, 0x000000008ba00000, 0x00000000d5c00000)
  object space 169984K, 65% used [0x0000000081400000,0x0000000088004f38,0x000000008ba00000)
 Metaspace       used 55808K, capacity 56866K, committed 57472K, reserved 1099776K
  class space    used 7124K, capacity 7347K, committed 7552K, reserved 1048576K

Card table byte_map: [0x0000000013d20000,0x0000000014120000] byte_map_base: 0x0000000013916000

Marking Bits: (ParMarkBitMap*) 0x000000007113d850
 Begin Bits: [0x00000000150d0000, 0x0000000017080000)
 End Bits:   [0x0000000017080000, 0x0000000019030000)

Polling page: 0x0000000002a20000

CodeCache: size=245760Kb used=25616Kb max_used=25616Kb free=220143Kb
 bounds [0x0000000004960000, 0x0000000006270000, 0x0000000013960000]
 total_blobs=11497 nmethods=10680 adapters=733
 compilation: enabled

Compilation events (10 events):
Event: 4809.874 Thread 0x000000001ba17800 nmethod 10834 0x0000000006265610 code [0x0000000006265760, 0x0000000006265870]
Event: 4809.874 Thread 0x000000001b9e1000 nmethod 10833 0x00000000062658d0 code [0x0000000006265a20, 0x0000000006265b70]
Event: 4937.529 Thread 0x000000001b9e1000 10835       1       org.apache.http.impl.cookie.BasicClientCookie::getPath (5 bytes)
Event: 4937.529 Thread 0x000000001b9e1000 nmethod 10835 0x0000000006265c10 code [0x0000000006265d60, 0x0000000006265e70]
Event: 4988.741 Thread 0x000000001b9a8000 10836   !   1       org.apache.catalina.core.StandardContext::getResources (38 bytes)
Event: 4988.744 Thread 0x000000001b9a8000 nmethod 10836 0x0000000006265ed0 code [0x0000000006266080, 0x0000000006266398]
Event: 5160.348 Thread 0x000000001ba17800 10837       1       org.apache.http.cookie.CookieIdentityComparator::compare (13 bytes)
Event: 5160.348 Thread 0x000000001ba1a800 10838       1       org.apache.http.cookie.CookieIdentityComparator::compare (182 bytes)
Event: 5160.349 Thread 0x000000001ba17800 nmethod 10837 0x0000000006266710 code [0x0000000006266880, 0x0000000006266a68]
Event: 5160.352 Thread 0x000000001ba1a800 nmethod 10838 0x0000000006266b50 code [0x0000000006266dc0, 0x00000000062675e8]

GC Heap History (10 events):
Event: 5135.033 GC heap before
{Heap before GC invocations=677 (full 6):
 PSYoungGen      total 629248K, used 624540K [0x00000000d5c00000, 0x00000000fe100000, 0x0000000100000000)
  eden space 598016K, 100% used [0x00000000d5c00000,0x00000000fa400000,0x00000000fa400000)
  from space 31232K, 84% used [0x00000000fc280000,0x00000000fdc670f8,0x00000000fe100000)
  to   space 31232K, 0% used [0x00000000fa400000,0x00000000fa400000,0x00000000fc280000)
 ParOldGen       total 169984K, used 108096K [0x0000000081400000, 0x000000008ba00000, 0x00000000d5c00000)
  object space 169984K, 63% used [0x0000000081400000,0x0000000087d90208,0x000000008ba00000)
 Metaspace       used 55808K, capacity 56866K, committed 57472K, reserved 1099776K
  class space    used 7124K, capacity 7347K, committed 7552K, reserved 1048576K
Event: 5135.059 GC heap after
Heap after GC invocations=677 (full 6):
 PSYoungGen      total 629248K, used 29223K [0x00000000d5c00000, 0x00000000fed00000, 0x0000000100000000)
  eden space 598016K, 0% used [0x00000000d5c00000,0x00000000d5c00000,0x00000000fa400000)
  from space 31232K, 93% used [0x00000000fa400000,0x00000000fc089fe0,0x00000000fc280000)
  to   space 31744K, 0% used [0x00000000fce00000,0x00000000fce00000,0x00000000fed00000)
 ParOldGen       total 169984K, used 108624K [0x0000000081400000, 0x000000008ba00000, 0x00000000d5c00000)
  object space 169984K, 63% used [0x0000000081400000,0x0000000087e142c8,0x000000008ba00000)
 Metaspace       used 55808K, capacity 56866K, committed 57472K, reserved 1099776K
  class space    used 7124K, capacity 7347K, committed 7552K, reserved 1048576K
}
Event: 5159.785 GC heap before
{Heap before GC invocations=678 (full 6):
 PSYoungGen      total 629248K, used 627239K [0x00000000d5c00000, 0x00000000fed00000, 0x0000000100000000)
  eden space 598016K, 100% used [0x00000000d5c00000,0x00000000fa400000,0x00000000fa400000)
  from space 31232K, 93% used [0x00000000fa400000,0x00000000fc089fe0,0x00000000fc280000)
  to   space 31744K, 0% used [0x00000000fce00000,0x00000000fce00000,0x00000000fed00000)
 ParOldGen       total 169984K, used 108624K [0x0000000081400000, 0x000000008ba00000, 0x00000000d5c00000)
  object space 169984K, 63% used [0x0000000081400000,0x0000000087e142c8,0x000000008ba00000)
 Metaspace       used 55808K, capacity 56866K, committed 57472K, reserved 1099776K
  class space    used 7124K, capacity 7347K, committed 7552K, reserved 1048576K
Event: 5159.815 GC heap after
Heap after GC invocations=678 (full 6):
 PSYoungGen      total 641024K, used 28729K [0x00000000d5c00000, 0x00000000fed00000, 0x0000000100000000)
  eden space 609280K, 0% used [0x00000000d5c00000,0x00000000d5c00000,0x00000000faf00000)
  from space 31744K, 90% used [0x00000000fce00000,0x00000000fea0e4e0,0x00000000fed00000)
  to   space 31744K, 0% used [0x00000000faf00000,0x00000000faf00000,0x00000000fce00000)
 ParOldGen       total 169984K, used 109296K [0x0000000081400000, 0x000000008ba00000, 0x00000000d5c00000)
  object space 169984K, 64% used [0x0000000081400000,0x0000000087ebc3f8,0x000000008ba00000)
 Metaspace       used 55808K, capacity 56866K, committed 57472K, reserved 1099776K
  class space    used 7124K, capacity 7347K, committed 7552K, reserved 1048576K
}
Event: 5184.667 GC heap before
{Heap before GC invocations=679 (full 6):
 PSYoungGen      total 641024K, used 638009K [0x00000000d5c00000, 0x00000000fed00000, 0x0000000100000000)
  eden space 609280K, 100% used [0x00000000d5c00000,0x00000000faf00000,0x00000000faf00000)
  from space 31744K, 90% used [0x00000000fce00000,0x00000000fea0e4e0,0x00000000fed00000)
  to   space 31744K, 0% used [0x00000000faf00000,0x00000000faf00000,0x00000000fce00000)
 ParOldGen       total 169984K, used 109296K [0x0000000081400000, 0x000000008ba00000, 0x00000000d5c00000)
  object space 169984K, 64% used [0x0000000081400000,0x0000000087ebc3f8,0x000000008ba00000)
 Metaspace       used 55808K, capacity 56866K, committed 57472K, reserved 1099776K
  class space    used 7124K, capacity 7347K, committed 7552K, reserved 1048576K
Event: 5184.697 GC heap after
Heap after GC invocations=679 (full 6):
 PSYoungGen      total 641024K, used 28011K [0x00000000d5c00000, 0x00000000ff880000, 0x0000000100000000)
  eden space 609280K, 0% used [0x00000000d5c00000,0x00000000d5c00000,0x00000000faf00000)
  from space 31744K, 88% used [0x00000000faf00000,0x00000000fca5ae10,0x00000000fce00000)
  to   space 31744K, 0% used [0x00000000fd980000,0x00000000fd980000,0x00000000ff880000)
 ParOldGen       total 169984K, used 109827K [0x0000000081400000, 0x000000008ba00000, 0x00000000d5c00000)
  object space 169984K, 64% used [0x0000000081400000,0x0000000087f40f38,0x000000008ba00000)
 Metaspace       used 55808K, capacity 56866K, committed 57472K, reserved 1099776K
  class space    used 7124K, capacity 7347K, committed 7552K, reserved 1048576K
}
Event: 5209.765 GC heap before
{Heap before GC invocations=680 (full 6):
 PSYoungGen      total 641024K, used 637290K [0x00000000d5c00000, 0x00000000ff880000, 0x0000000100000000)
  eden space 609280K, 99% used [0x00000000d5c00000,0x00000000faeffbf8,0x00000000faf00000)
  from space 31744K, 88% used [0x00000000faf00000,0x00000000fca5ae10,0x00000000fce00000)
  to   space 31744K, 0% used [0x00000000fd980000,0x00000000fd980000,0x00000000ff880000)
 ParOldGen       total 169984K, used 109827K [0x0000000081400000, 0x000000008ba00000, 0x00000000d5c00000)
  object space 169984K, 64% used [0x0000000081400000,0x0000000087f40f38,0x000000008ba00000)
 Metaspace       used 55808K, capacity 56866K, committed 57472K, reserved 1099776K
  class space    used 7124K, capacity 7347K, committed 7552K, reserved 1048576K
Event: 5209.793 GC heap after
Heap after GC invocations=680 (full 6):
 PSYoungGen      total 650752K, used 27774K [0x00000000d5c00000, 0x00000000ff700000, 0x0000000100000000)
  eden space 620544K, 0% used [0x00000000d5c00000,0x00000000d5c00000,0x00000000fba00000)
  from space 30208K, 91% used [0x00000000fd980000,0x00000000ff49f9f8,0x00000000ff700000)
  to   space 31232K, 0% used [0x00000000fba00000,0x00000000fba00000,0x00000000fd880000)
 ParOldGen       total 169984K, used 110219K [0x0000000081400000, 0x000000008ba00000, 0x00000000d5c00000)
  object space 169984K, 64% used [0x0000000081400000,0x0000000087fa2f38,0x000000008ba00000)
 Metaspace       used 55808K, capacity 56866K, committed 57472K, reserved 1099776K
  class space    used 7124K, capacity 7347K, committed 7552K, reserved 1048576K
}
Event: 5235.281 GC heap before
{Heap before GC invocations=681 (full 6):
 PSYoungGen      total 650752K, used 648318K [0x00000000d5c00000, 0x00000000ff700000, 0x0000000100000000)
  eden space 620544K, 100% used [0x00000000d5c00000,0x00000000fba00000,0x00000000fba00000)
  from space 30208K, 91% used [0x00000000fd980000,0x00000000ff49f9f8,0x00000000ff700000)
  to   space 31232K, 0% used [0x00000000fba00000,0x00000000fba00000,0x00000000fd880000)
 ParOldGen       total 169984K, used 110219K [0x0000000081400000, 0x000000008ba00000, 0x00000000d5c00000)
  object space 169984K, 64% used [0x0000000081400000,0x0000000087fa2f38,0x000000008ba00000)
 Metaspace       used 55808K, capacity 56866K, committed 57472K, reserved 1099776K
  class space    used 7124K, capacity 7347K, committed 7552K, reserved 1048576K
Event: 5235.307 GC heap after
Heap after GC invocations=681 (full 6):
 PSYoungGen      total 651776K, used 28152K [0x00000000d5c00000, 0x0000000100000000, 0x0000000100000000)
  eden space 620544K, 0% used [0x00000000d5c00000,0x00000000d5c00000,0x00000000fba00000)
  from space 31232K, 90% used [0x00000000fba00000,0x00000000fd57e1b8,0x00000000fd880000)
  to   space 31232K, 0% used [0x00000000fe180000,0x00000000fe180000,0x0000000100000000)
 ParOldGen       total 169984K, used 110611K [0x0000000081400000, 0x000000008ba00000, 0x00000000d5c00000)
  object space 169984K, 65% used [0x0000000081400000,0x0000000088004f38,0x000000008ba00000)
 Metaspace       used 55808K, capacity 56866K, committed 57472K, reserved 1099776K
  class space    used 7124K, capacity 7347K, committed 7552K, reserved 1048576K
}

Deoptimization events (0 events):
No events

Internal exceptions (10 events):
Event: 5234.771 Thread 0x000000002289e800 Exception <a 'java/net/ConnectException': Connection timed out: connect> (0x00000000dbe21528) thrown at [C:\re\workspace\8-2-build-windows-amd64-cygwin\jdk8u151\9699\hotspot\src\share\vm\prims\jni.cpp, line 735]
Event: 5234.819 Thread 0x0000000024fd4800 Exception <a 'java/net/ConnectException': Connection timed out: connect> (0x00000000dbf4a1d0) thrown at [C:\re\workspace\8-2-build-windows-amd64-cygwin\jdk8u151\9699\hotspot\src\share\vm\prims\jni.cpp, line 735]
Event: 5234.919 Thread 0x0000000025891000 Exception <a 'java/net/ConnectException': Connection timed out: connect> (0x00000000dc183718) thrown at [C:\re\workspace\8-2-build-windows-amd64-cygwin\jdk8u151\9699\hotspot\src\share\vm\prims\jni.cpp, line 735]
Event: 5234.942 Thread 0x0000000022cf0000 Exception <a 'sun/net/ConnectionResetException': > (0x00000000fa96eef0) thrown at [C:\re\workspace\8-2-build-windows-amd64-cygwin\jdk8u151\9699\hotspot\src\share\vm\prims\jni.cpp, line 735]
Event: 5234.942 Thread 0x0000000022cf0000 Exception <a 'sun/net/ConnectionResetException': > (0x00000000fa96f120) thrown at [C:\re\workspace\8-2-build-windows-amd64-cygwin\jdk8u151\9699\hotspot\src\share\vm\prims\jni.cpp, line 735]
Event: 5235.029 Thread 0x0000000022c22800 Exception <a 'java/net/ConnectException': Connection timed out: connect> (0x00000000dc3b8458) thrown at [C:\re\workspace\8-2-build-windows-amd64-cygwin\jdk8u151\9699\hotspot\src\share\vm\prims\jni.cpp, line 735]
Event: 5235.072 Thread 0x0000000026c2c800 Exception <a 'java/net/ConnectException': Connection timed out: connect> (0x00000000dc4d57b8) thrown at [C:\re\workspace\8-2-build-windows-amd64-cygwin\jdk8u151\9699\hotspot\src\share\vm\prims\jni.cpp, line 735]
Event: 5235.171 Thread 0x0000000026bb1000 Exception <a 'java/net/ConnectException': Connection timed out: connect> (0x00000000dc70cff0) thrown at [C:\re\workspace\8-2-build-windows-amd64-cygwin\jdk8u151\9699\hotspot\src\share\vm\prims\jni.cpp, line 735]
Event: 5235.274 Thread 0x0000000022cf1000 Exception <a 'java/net/ConnectException': Connection timed out: connect> (0x00000000dc9417f8) thrown at [C:\re\workspace\8-2-build-windows-amd64-cygwin\jdk8u151\9699\hotspot\src\share\vm\prims\jni.cpp, line 735]
Event: 5235.322 Thread 0x0000000024fb2800 Exception <a 'java/net/ConnectException': Connection timed out: connect> (0x00000000d5e287b8) thrown at [C:\re\workspace\8-2-build-windows-amd64-cygwin\jdk8u151\9699\hotspot\src\share\vm\prims\jni.cpp, line 735]

Events (10 events):
Event: 5235.322 Thread 0x0000000024fb2800 DEOPT UNPACKING pc=0x00000000049a787f sp=0x000000003eefd418 mode 1
Event: 5235.322 Thread 0x0000000024fb2800 DEOPT PACKING pc=0x0000000005a3592c sp=0x000000003eefd760
Event: 5235.322 Thread 0x0000000024fb2800 DEOPT UNPACKING pc=0x00000000049a787f sp=0x000000003eefd4c0 mode 1
Event: 5235.322 Thread 0x0000000024fb2800 DEOPT PACKING pc=0x0000000004ef2bd4 sp=0x000000003eefd820
Event: 5235.322 Thread 0x0000000024fb2800 DEOPT UNPACKING pc=0x00000000049a787f sp=0x000000003eefd528 mode 1
Event: 5235.322 Thread 0x0000000024fb2800 DEOPT PACKING pc=0x0000000005c9c3e4 sp=0x000000003eefd8e0
Event: 5235.322 Thread 0x0000000024fb2800 DEOPT UNPACKING pc=0x00000000049a787f sp=0x000000003eefd8e0 mode 1
Event: 5235.322 Thread 0x0000000024fb2800 DEOPT PACKING pc=0x0000000005c9684c sp=0x000000003eefdcd0
Event: 5235.322 Thread 0x0000000024fb2800 DEOPT UNPACKING pc=0x00000000049a787f sp=0x000000003eefda88 mode 1
Event: 5235.322 Executing VM operation: BulkRevokeBias


Dynamic libraries:
0x00007ff691e40000 - 0x00007ff691e77000 	C:\Program Files\Java\jdk1.8.0_151\bin\java.exe
0x00007ffbd04f0000 - 0x00007ffbd06d0000 	C:\WINDOWS\SYSTEM32\ntdll.dll
0x00007ffbcd9c0000 - 0x00007ffbcda6e000 	C:\WINDOWS\System32\KERNEL32.DLL
0x00007ffbcd550000 - 0x00007ffbcd7b6000 	C:\WINDOWS\System32\KERNELBASE.dll
0x00007ffbd01d0000 - 0x00007ffbd0271000 	C:\WINDOWS\System32\ADVAPI32.dll
0x00007ffbd0280000 - 0x00007ffbd031d000 	C:\WINDOWS\System32\msvcrt.dll
0x00007ffbcff10000 - 0x00007ffbcff6b000 	C:\WINDOWS\System32\sechost.dll
0x00007ffbce3e0000 - 0x00007ffbce4ff000 	C:\WINDOWS\System32\RPCRT4.dll
0x00007ffbcff70000 - 0x00007ffbd00ff000 	C:\WINDOWS\System32\USER32.dll
0x00007ffbcd9a0000 - 0x00007ffbcd9c0000 	C:\WINDOWS\System32\win32u.dll
0x00007ffbce500000 - 0x00007ffbce528000 	C:\WINDOWS\System32\GDI32.dll
0x00007ffbcd140000 - 0x00007ffbcd2d3000 	C:\WINDOWS\System32\gdi32full.dll
0x00007ffbcd4b0000 - 0x00007ffbcd54b000 	C:\WINDOWS\System32\msvcp_win.dll
0x00007ffbcd7c0000 - 0x00007ffbcd8b6000 	C:\WINDOWS\System32\ucrtbase.dll
0x00007ffbc4200000 - 0x00007ffbc4469000 	C:\WINDOWS\WinSxS\amd64_microsoft.windows.common-controls_6595b64144ccf1df_6.0.16299.309_none_15cfd4c4935e6b11\COMCTL32.dll
0x00007ffbce0d0000 - 0x00007ffbce3d8000 	C:\WINDOWS\System32\combase.dll
0x00007ffbcd920000 - 0x00007ffbcd992000 	C:\WINDOWS\System32\bcryptPrimitives.dll
0x00007ffbcfd20000 - 0x00007ffbcfd4d000 	C:\WINDOWS\System32\IMM32.DLL
0x0000000071cb0000 - 0x0000000071d82000 	C:\Program Files\Java\jdk1.8.0_151\jre\bin\msvcr100.dll
0x0000000070920000 - 0x00000000711bd000 	C:\Program Files\Java\jdk1.8.0_151\jre\bin\server\jvm.dll
0x00007ffbce050000 - 0x00007ffbce058000 	C:\WINDOWS\System32\PSAPI.DLL
0x00007ffbbcda0000 - 0x00007ffbbcda9000 	C:\WINDOWS\SYSTEM32\WSOCK32.dll
0x00007ffbca750000 - 0x00007ffbca773000 	C:\WINDOWS\SYSTEM32\WINMM.dll
0x00007ffbc7580000 - 0x00007ffbc758a000 	C:\WINDOWS\SYSTEM32\VERSION.dll
0x00007ffbce060000 - 0x00007ffbce0cc000 	C:\WINDOWS\System32\WS2_32.dll
0x00007ffbc9d10000 - 0x00007ffbc9d3a000 	C:\WINDOWS\SYSTEM32\WINMMBASE.dll
0x00007ffbcc8f0000 - 0x00007ffbcc93a000 	C:\WINDOWS\System32\cfgmgr32.dll
0x0000000071e80000 - 0x0000000071e8f000 	C:\Program Files\Java\jdk1.8.0_151\jre\bin\verify.dll
0x0000000071e50000 - 0x0000000071e79000 	C:\Program Files\Java\jdk1.8.0_151\jre\bin\java.dll
0x0000000071df0000 - 0x0000000071e25000 	C:\Program Files\Java\jdk1.8.0_151\jre\bin\jdwp.dll
0x0000000071de0000 - 0x0000000071de8000 	C:\Program Files\Java\jdk1.8.0_151\jre\bin\npt.dll
0x0000000071e30000 - 0x0000000071e46000 	C:\Program Files\Java\jdk1.8.0_151\jre\bin\zip.dll
0x00007ffbce540000 - 0x00007ffbcf976000 	C:\WINDOWS\System32\SHELL32.dll
0x00007ffbcfd50000 - 0x00007ffbcfdf6000 	C:\WINDOWS\System32\shcore.dll
0x00007ffbcc9f0000 - 0x00007ffbcd137000 	C:\WINDOWS\System32\windows.storage.dll
0x00007ffbcdff0000 - 0x00007ffbce041000 	C:\WINDOWS\System32\shlwapi.dll
0x00007ffbcc860000 - 0x00007ffbcc871000 	C:\WINDOWS\System32\kernel.appcore.dll
0x00007ffbcc880000 - 0x00007ffbcc8cc000 	C:\WINDOWS\System32\powrprof.dll
0x00007ffbcc840000 - 0x00007ffbcc85b000 	C:\WINDOWS\System32\profapi.dll
0x0000000071ca0000 - 0x0000000071ca9000 	C:\Program Files\Java\jdk1.8.0_151\jre\bin\dt_socket.dll
0x00007ffbcc070000 - 0x00007ffbcc0d6000 	C:\WINDOWS\system32\mswsock.dll
0x0000000071c90000 - 0x0000000071c9d000 	C:\Program Files\Java\jdk1.8.0_151\jre\bin\management.dll
0x0000000071c70000 - 0x0000000071c8a000 	C:\Program Files\Java\jdk1.8.0_151\jre\bin\net.dll
0x0000000071c50000 - 0x0000000071c61000 	C:\Program Files\Java\jdk1.8.0_151\jre\bin\nio.dll
0x00007ffbba510000 - 0x00007ffbba526000 	C:\WINDOWS\system32\napinsp.dll
0x00007ffbba4f0000 - 0x00007ffbba50a000 	C:\WINDOWS\system32\pnrpnsp.dll
0x00007ffbc94e0000 - 0x00007ffbc94f8000 	C:\WINDOWS\system32\NLAapi.dll
0x00007ffbcbe40000 - 0x00007ffbcbef6000 	C:\WINDOWS\SYSTEM32\DNSAPI.dll
0x00007ffbce530000 - 0x00007ffbce538000 	C:\WINDOWS\System32\NSI.dll
0x00007ffbcbe00000 - 0x00007ffbcbe39000 	C:\WINDOWS\SYSTEM32\IPHLPAPI.DLL
0x00007ffbbbda0000 - 0x00007ffbbbdae000 	C:\WINDOWS\System32\winrnr.dll
0x0000000071ed0000 - 0x0000000071ef6000 	C:\Program Files\Bonjour\mdnsNSP.dll
0x00007ffbc55a0000 - 0x00007ffbc55aa000 	C:\Windows\System32\rasadhlp.dll
0x00007ffbc7990000 - 0x00007ffbc7a00000 	C:\WINDOWS\System32\fwpuclnt.dll
0x00007ffbcc340000 - 0x00007ffbcc365000 	C:\WINDOWS\SYSTEM32\bcrypt.dll
0x00007ffbcc240000 - 0x00007ffbcc257000 	C:\WINDOWS\SYSTEM32\CRYPTSP.dll
0x00007ffbcbc70000 - 0x00007ffbcbca3000 	C:\WINDOWS\system32\rsaenh.dll
0x00007ffbcc770000 - 0x00007ffbcc799000 	C:\WINDOWS\SYSTEM32\USERENV.dll
0x00007ffbcc230000 - 0x00007ffbcc23b000 	C:\WINDOWS\SYSTEM32\CRYPTBASE.dll
0x00007ffbc80b0000 - 0x00007ffbc80c6000 	C:\WINDOWS\SYSTEM32\dhcpcsvc6.DLL
0x00007ffbc7da0000 - 0x00007ffbc7dba000 	C:\WINDOWS\SYSTEM32\dhcpcsvc.DLL
0x0000000071b40000 - 0x0000000071b64000 	C:\Program Files\Java\jdk1.8.0_151\jre\bin\sunec.dll
0x0000000071b30000 - 0x0000000071b3b000 	C:\Program Files\Java\jdk1.8.0_151\jre\bin\sunmscapi.dll
0x00007ffbcd2e0000 - 0x00007ffbcd4ae000 	C:\WINDOWS\System32\CRYPT32.dll
0x00007ffbcc8d0000 - 0x00007ffbcc8e2000 	C:\WINDOWS\System32\MSASN1.dll

VM Arguments:
jvm_args: -agentlib:jdwp=transport=dt_socket,address=127.0.0.1:50558,suspend=y,server=n -XX:TieredStopAtLevel=1 -Xverify:none -Dspring.output.ansi.enabled=always -Dcom.sun.management.jmxremote -Dcom.sun.management.jmxremote.port=50557 -Dcom.sun.management.jmxremote.authenticate=false -Dcom.sun.management.jmxremote.ssl=false -Dspring.liveBeansView.mbeanDomain -Dspring.application.admin.enabled=true -Dfile.encoding=UTF-8 
java_command: com.vanadis.vap.VapApplication
java_class_path (initial): C:\Program Files\Java\jdk1.8.0_151\jre\lib\charsets.jar;C:\Program Files\Java\jdk1.8.0_151\jre\lib\deploy.jar;C:\Program Files\Java\jdk1.8.0_151\jre\lib\ext\access-bridge-64.jar;C:\Program Files\Java\jdk1.8.0_151\jre\lib\ext\cldrdata.jar;C:\Program Files\Java\jdk1.8.0_151\jre\lib\ext\dnsns.jar;C:\Program Files\Java\jdk1.8.0_151\jre\lib\ext\jaccess.jar;C:\Program Files\Java\jdk1.8.0_151\jre\lib\ext\jfxrt.jar;C:\Program Files\Java\jdk1.8.0_151\jre\lib\ext\localedata.jar;C:\Program Files\Java\jdk1.8.0_151\jre\lib\ext\nashorn.jar;C:\Program Files\Java\jdk1.8.0_151\jre\lib\ext\sunec.jar;C:\Program Files\Java\jdk1.8.0_151\jre\lib\ext\sunjce_provider.jar;C:\Program Files\Java\jdk1.8.0_151\jre\lib\ext\sunmscapi.jar;C:\Program Files\Java\jdk1.8.0_151\jre\lib\ext\sunpkcs11.jar;C:\Program Files\Java\jdk1.8.0_151\jre\lib\ext\zipfs.jar;C:\Program Files\Java\jdk1.8.0_151\jre\lib\javaws.jar;C:\Program Files\Java\jdk1.8.0_151\jre\lib\jce.jar;C:\Program Files\Java\jdk1.8.0_151\jre\lib\jfr.jar;C:\Program Files\Java\jdk1.8.0_151\jre\lib\jfxswt.jar;C:\Program Files\Java\jdk1.8.0_151\jre\lib\jsse.jar;C:\Program Files\Java\jdk1.8.0_151\jre\lib\management-agent.jar;C:\Program Files\Java\jdk1.8.0_151\jre\lib\plugin.jar;C:\Program Files\Java\jdk1.8.0_151\jre\lib\resources.jar;C:\Program Files\Java\jdk1.8.0_151\jre\lib\rt.jar;D:\vanadis_code\vap\target\classes;C:\Users\Administrator\.m2\repository\org\springframework\spring-core\4.3.13.RELEASE\spring-core-4.3.13.RELEASE.jar;C:\Users\Administrator\.m2\repository\org\springframework\boot\spring-boot-starter-thymeleaf\1.5.9.RELEASE\spring-boot-starter-thymeleaf-1.5.9.RELEASE.jar;C:\Users\Administrator\.m2\repository\org\springframework\boot\spring-boot-starter\1.5.9.RELEASE\spring-boot-starter-1.5.9.RELEASE.jar;C:\Users\Administrator\.m2\repository\org\springframework\boot\spring-boot-starter-logging\1.5.9.RELEASE\spring-boot-starter-logging-1.5.9.RELEASE.jar;C:\Users\Administrator\.m2\repository\ch\qos\logback\logb
Launcher Type: SUN_STANDARD

Environment Variables:
JAVA_HOME=C:\Program Files\Java\jdk1.6.0_45
CLASSPATH=C:\Program Files\Java\jdk1.6.0_45\lib\dt.jar;C:\Program Files\Java\jdk1.6.0_45\lib\tools.jar
PATH=D:\Python27\;D:\Python27\Scripts;C:\ProgramData\Oracle\Java\javapath;C:\windows\system32;C:\windows;C:\windows\System32\Wbem;C:\windows\System32\WindowsPowerShell\v1.0\;C:\Program Files (x86)\NVIDIA Corporation\PhysX\Common;D:\play;D:\mysql-5.1.45-winx64\bin;C:\Program Files\MySQL\MySQL Utilities 1.6\;C:\WINDOWS\system32;C:\WINDOWS;C:\WINDOWS\System32\Wbem;C:\WINDOWS\System32\WindowsPowerShell\v1.0\;d:\Program Files (x86)\Tesseract-OCR;C:\Program Files\Git\cmd;C:\Users\Administrator\AppData\Local\Microsoft\WindowsApps;;C:\Users\Administrator\AppData\Local\Programs\Fiddler;%USERPROFILE%\AppData\Local\Microsoft\WindowsApps
USERNAME=Administrator
OS=Windows_NT
PROCESSOR_IDENTIFIER=Intel64 Family 6 Model 45 Stepping 7, GenuineIntel



---------------  S Y S T E M  ---------------

OS: Windows 10.0 , 64 bit Build 16299 (10.0.16299.15)

CPU:total 16 (initial active 16) (8 cores per cpu, 2 threads per core) family 6 model 45 stepping 7, cmov, cx8, fxsr, mmx, sse, sse2, sse3, ssse3, sse4.1, sse4.2, popcnt, avx, aes, clmul, ht, tsc, tscinvbit, tscinv

Memory: 4k page, physical 8302900k(465368k free), swap 16167600k(14376k free)

vm_info: Java HotSpot(TM) 64-Bit Server VM (25.151-b12) for windows-amd64 JRE (1.8.0_151-b12), built on Sep  5 2017 19:33:46 by "java_re" with MS VC++ 10.0 (VS2010)

time: Fri Mar 30 21:03:13 2018
elapsed time: 5235 seconds (0d 1h 27m 15s)

